{"C:\\Users\\hritik.gupta\\OneDrive - Fractal Analytics Limited\\projects\\asess React FastAPI Websocket\\frontend\\src\\App.tsx": {"path":"C:\\Users\\hritik.gupta\\OneDrive - Fractal Analytics Limited\\projects\\asess React FastAPI Websocket\\frontend\\src\\App.tsx","all":false,"statementMap":{"0":{"start":{"line":1,"column":0},"end":{"line":1,"column":74}},"1":{"start":{"line":2,"column":0},"end":{"line":2,"column":39}},"2":{"start":{"line":3,"column":0},"end":{"line":3,"column":34}},"3":{"start":{"line":4,"column":0},"end":{"line":4,"column":32}},"4":{"start":{"line":5,"column":0},"end":{"line":5,"column":47}},"5":{"start":{"line":6,"column":0},"end":{"line":6,"column":46}},"6":{"start":{"line":7,"column":0},"end":{"line":7,"column":34}},"7":{"start":{"line":8,"column":0},"end":{"line":8,"column":40}},"8":{"start":{"line":9,"column":0},"end":{"line":9,"column":42}},"9":{"start":{"line":10,"column":0},"end":{"line":10,"column":57}},"11":{"start":{"line":12,"column":0},"end":{"line":12,"column":24}},"12":{"start":{"line":13,"column":0},"end":{"line":13,"column":36}},"14":{"start":{"line":15,"column":0},"end":{"line":15,"column":19}},"15":{"start":{"line":16,"column":0},"end":{"line":16,"column":26}},"16":{"start":{"line":17,"column":0},"end":{"line":17,"column":17}},"18":{"start":{"line":19,"column":0},"end":{"line":19,"column":14}},"19":{"start":{"line":20,"column":0},"end":{"line":20,"column":1}},"21":{"start":{"line":22,"column":0},"end":{"line":22,"column":16}},"22":{"start":{"line":23,"column":0},"end":{"line":23,"column":10}},"23":{"start":{"line":24,"column":0},"end":{"line":24,"column":28}},"24":{"start":{"line":25,"column":0},"end":{"line":25,"column":21}},"25":{"start":{"line":26,"column":0},"end":{"line":26,"column":23}},"26":{"start":{"line":27,"column":0},"end":{"line":27,"column":16}},"27":{"start":{"line":28,"column":0},"end":{"line":28,"column":71}},"28":{"start":{"line":29,"column":0},"end":{"line":29,"column":53}},"29":{"start":{"line":30,"column":0},"end":{"line":30,"column":59}},"30":{"start":{"line":31,"column":0},"end":{"line":31,"column":16}},"31":{"start":{"line":32,"column":0},"end":{"line":32,"column":29}},"32":{"start":{"line":33,"column":0},"end":{"line":33,"column":21}},"33":{"start":{"line":34,"column":0},"end":{"line":34,"column":30}},"34":{"start":{"line":35,"column":0},"end":{"line":35,"column":29}},"35":{"start":{"line":36,"column":0},"end":{"line":36,"column":31}},"37":{"start":{"line":38,"column":0},"end":{"line":38,"column":12}},"38":{"start":{"line":39,"column":0},"end":{"line":39,"column":17}},"39":{"start":{"line":40,"column":0},"end":{"line":40,"column":22}},"40":{"start":{"line":41,"column":0},"end":{"line":41,"column":15}},"42":{"start":{"line":43,"column":0},"end":{"line":43,"column":1}},"44":{"start":{"line":45,"column":0},"end":{"line":45,"column":19}}},"s":{"0":1,"1":1,"2":1,"3":1,"4":1,"5":1,"6":1,"7":1,"8":1,"9":1,"11":2,"12":2,"14":2,"15":2,"16":2,"18":2,"19":2,"21":2,"22":2,"23":2,"24":2,"25":2,"26":2,"27":2,"28":2,"29":2,"30":2,"31":2,"32":2,"33":2,"34":2,"35":2,"37":2,"38":2,"39":2,"40":2,"42":2,"44":1},"branchMap":{"0":{"type":"branch","line":12,"loc":{"start":{"line":12,"column":0},"end":{"line":20,"column":1}},"locations":[{"start":{"line":12,"column":0},"end":{"line":20,"column":1}}]},"1":{"type":"branch","line":15,"loc":{"start":{"line":15,"column":12},"end":{"line":17,"column":5}},"locations":[{"start":{"line":15,"column":12},"end":{"line":17,"column":5}}]},"2":{"type":"branch","line":22,"loc":{"start":{"line":22,"column":0},"end":{"line":43,"column":1}},"locations":[{"start":{"line":22,"column":0},"end":{"line":43,"column":1}}]}},"b":{"0":[2],"1":[2],"2":[2]},"fnMap":{"0":{"name":"AuthChecker","decl":{"start":{"line":12,"column":0},"end":{"line":20,"column":1}},"loc":{"start":{"line":12,"column":0},"end":{"line":20,"column":1}},"line":12},"1":{"name":"App","decl":{"start":{"line":22,"column":0},"end":{"line":43,"column":1}},"loc":{"start":{"line":22,"column":0},"end":{"line":43,"column":1}},"line":22}},"f":{"0":2,"1":2}}
,"C:\\Users\\hritik.gupta\\OneDrive - Fractal Analytics Limited\\projects\\asess React FastAPI Websocket\\frontend\\src\\main.tsx": {"path":"C:\\Users\\hritik.gupta\\OneDrive - Fractal Analytics Limited\\projects\\asess React FastAPI Websocket\\frontend\\src\\main.tsx","all":true,"statementMap":{"0":{"start":{"line":1,"column":0},"end":{"line":1,"column":34}},"1":{"start":{"line":2,"column":0},"end":{"line":2,"column":45}},"2":{"start":{"line":3,"column":0},"end":{"line":3,"column":20}},"3":{"start":{"line":4,"column":0},"end":{"line":4,"column":27}},"4":{"start":{"line":5,"column":0},"end":{"line":5,"column":0}},"5":{"start":{"line":6,"column":0},"end":{"line":6,"column":52}},"6":{"start":{"line":7,"column":0},"end":{"line":7,"column":14}},"7":{"start":{"line":8,"column":0},"end":{"line":8,"column":11}},"8":{"start":{"line":9,"column":0},"end":{"line":9,"column":16}},"9":{"start":{"line":10,"column":0},"end":{"line":10,"column":1}}},"s":{"0":0,"1":0,"2":0,"3":0,"4":0,"5":0,"6":0,"7":0,"8":0,"9":0},"branchMap":{"0":{"type":"branch","line":1,"loc":{"start":{"line":1,"column":0},"end":{"line":10,"column":1}},"locations":[{"start":{"line":1,"column":0},"end":{"line":10,"column":1}}]}},"b":{"0":[0]},"fnMap":{"0":{"name":"(empty-report)","decl":{"start":{"line":1,"column":0},"end":{"line":10,"column":1}},"loc":{"start":{"line":1,"column":0},"end":{"line":10,"column":1}},"line":1}},"f":{"0":0}}
,"C:\\Users\\hritik.gupta\\OneDrive - Fractal Analytics Limited\\projects\\asess React FastAPI Websocket\\frontend\\src\\components\\FeedbackList.tsx": {"path":"C:\\Users\\hritik.gupta\\OneDrive - Fractal Analytics Limited\\projects\\asess React FastAPI Websocket\\frontend\\src\\components\\FeedbackList.tsx","all":false,"statementMap":{"0":{"start":{"line":1,"column":0},"end":{"line":1,"column":33}},"1":{"start":{"line":2,"column":0},"end":{"line":2,"column":64}},"2":{"start":{"line":3,"column":0},"end":{"line":3,"column":56}},"3":{"start":{"line":4,"column":0},"end":{"line":4,"column":34}},"6":{"start":{"line":7,"column":0},"end":{"line":7,"column":28}},"7":{"start":{"line":8,"column":0},"end":{"line":8,"column":36}},"8":{"start":{"line":9,"column":0},"end":{"line":9,"column":73}},"9":{"start":{"line":10,"column":0},"end":{"line":10,"column":57}},"10":{"start":{"line":11,"column":0},"end":{"line":11,"column":72}},"11":{"start":{"line":12,"column":0},"end":{"line":12,"column":84}},"13":{"start":{"line":14,"column":0},"end":{"line":14,"column":60}},"14":{"start":{"line":15,"column":0},"end":{"line":15,"column":90}},"15":{"start":{"line":16,"column":0},"end":{"line":16,"column":16}},"16":{"start":{"line":17,"column":0},"end":{"line":17,"column":5}},"18":{"start":{"line":19,"column":0},"end":{"line":19,"column":64}},"19":{"start":{"line":20,"column":0},"end":{"line":20,"column":39}},"20":{"start":{"line":21,"column":0},"end":{"line":21,"column":9}},"21":{"start":{"line":22,"column":0},"end":{"line":22,"column":88}},"22":{"start":{"line":23,"column":0},"end":{"line":23,"column":31}},"23":{"start":{"line":24,"column":0},"end":{"line":24,"column":20}},"24":{"start":{"line":25,"column":0},"end":{"line":25,"column":53}},"25":{"start":{"line":26,"column":0},"end":{"line":26,"column":8}},"26":{"start":{"line":27,"column":0},"end":{"line":27,"column":48}},"27":{"start":{"line":28,"column":0},"end":{"line":28,"column":21}},"28":{"start":{"line":29,"column":0},"end":{"line":29,"column":57}},"29":{"start":{"line":30,"column":0},"end":{"line":30,"column":15}},"30":{"start":{"line":31,"column":0},"end":{"line":31,"column":34}},"31":{"start":{"line":32,"column":0},"end":{"line":32,"column":5}},"32":{"start":{"line":33,"column":0},"end":{"line":33,"column":4}},"34":{"start":{"line":35,"column":0},"end":{"line":35,"column":52}},"35":{"start":{"line":36,"column":0},"end":{"line":36,"column":24}},"36":{"start":{"line":37,"column":0},"end":{"line":37,"column":22}},"37":{"start":{"line":38,"column":0},"end":{"line":38,"column":45}},"38":{"start":{"line":39,"column":0},"end":{"line":39,"column":22}},"39":{"start":{"line":40,"column":0},"end":{"line":40,"column":41}},"40":{"start":{"line":41,"column":0},"end":{"line":41,"column":21}},"41":{"start":{"line":42,"column":0},"end":{"line":42,"column":43}},"42":{"start":{"line":43,"column":0},"end":{"line":43,"column":14}},"43":{"start":{"line":44,"column":0},"end":{"line":44,"column":43}},"44":{"start":{"line":45,"column":0},"end":{"line":45,"column":5}},"45":{"start":{"line":46,"column":0},"end":{"line":46,"column":4}},"47":{"start":{"line":48,"column":0},"end":{"line":48,"column":10}},"48":{"start":{"line":49,"column":0},"end":{"line":49,"column":48}},"49":{"start":{"line":50,"column":0},"end":{"line":50,"column":58}},"50":{"start":{"line":51,"column":0},"end":{"line":51,"column":79}},"51":{"start":{"line":52,"column":0},"end":{"line":52,"column":30}},"52":{"start":{"line":53,"column":0},"end":{"line":53,"column":17}},"53":{"start":{"line":54,"column":0},"end":{"line":54,"column":35}},"54":{"start":{"line":55,"column":0},"end":{"line":55,"column":64}},"55":{"start":{"line":56,"column":0},"end":{"line":56,"column":129}},"57":{"start":{"line":58,"column":0},"end":{"line":58,"column":54}},"58":{"start":{"line":59,"column":0},"end":{"line":59,"column":54}},"59":{"start":{"line":60,"column":0},"end":{"line":60,"column":54}},"60":{"start":{"line":61,"column":0},"end":{"line":61,"column":52}},"61":{"start":{"line":62,"column":0},"end":{"line":62,"column":19}},"62":{"start":{"line":63,"column":0},"end":{"line":63,"column":14}},"63":{"start":{"line":64,"column":0},"end":{"line":64,"column":12}},"65":{"start":{"line":66,"column":0},"end":{"line":66,"column":65}},"66":{"start":{"line":67,"column":0},"end":{"line":67,"column":43}},"67":{"start":{"line":68,"column":0},"end":{"line":68,"column":64}},"69":{"start":{"line":70,"column":0},"end":{"line":70,"column":16}},"71":{"start":{"line":72,"column":0},"end":{"line":72,"column":52}},"72":{"start":{"line":73,"column":0},"end":{"line":73,"column":50}},"73":{"start":{"line":74,"column":0},"end":{"line":74,"column":76}},"74":{"start":{"line":75,"column":0},"end":{"line":75,"column":38}},"75":{"start":{"line":76,"column":0},"end":{"line":76,"column":122}},"76":{"start":{"line":77,"column":0},"end":{"line":77,"column":40}},"77":{"start":{"line":78,"column":0},"end":{"line":78,"column":25}},"78":{"start":{"line":79,"column":0},"end":{"line":79,"column":22}},"79":{"start":{"line":80,"column":0},"end":{"line":80,"column":80}},"80":{"start":{"line":81,"column":0},"end":{"line":81,"column":60}},"81":{"start":{"line":82,"column":0},"end":{"line":82,"column":102}},"82":{"start":{"line":83,"column":0},"end":{"line":83,"column":22}},"84":{"start":{"line":85,"column":0},"end":{"line":85,"column":45}},"85":{"start":{"line":86,"column":0},"end":{"line":86,"column":93}},"86":{"start":{"line":87,"column":0},"end":{"line":87,"column":75}},"87":{"start":{"line":88,"column":0},"end":{"line":88,"column":97}},"88":{"start":{"line":89,"column":0},"end":{"line":89,"column":26}},"89":{"start":{"line":90,"column":0},"end":{"line":90,"column":88}},"90":{"start":{"line":91,"column":0},"end":{"line":91,"column":24}},"93":{"start":{"line":94,"column":0},"end":{"line":94,"column":111}},"94":{"start":{"line":95,"column":0},"end":{"line":95,"column":25}},"95":{"start":{"line":96,"column":0},"end":{"line":96,"column":68}},"96":{"start":{"line":97,"column":0},"end":{"line":97,"column":65}},"97":{"start":{"line":98,"column":0},"end":{"line":98,"column":188}},"99":{"start":{"line":100,"column":0},"end":{"line":100,"column":102}},"100":{"start":{"line":101,"column":0},"end":{"line":101,"column":27}},"102":{"start":{"line":103,"column":0},"end":{"line":103,"column":20}},"103":{"start":{"line":104,"column":0},"end":{"line":104,"column":15}},"104":{"start":{"line":105,"column":0},"end":{"line":105,"column":16}},"106":{"start":{"line":107,"column":0},"end":{"line":107,"column":12}},"107":{"start":{"line":108,"column":0},"end":{"line":108,"column":10}},"109":{"start":{"line":110,"column":0},"end":{"line":110,"column":2}},"111":{"start":{"line":112,"column":0},"end":{"line":112,"column":28}}},"s":{"0":1,"1":1,"2":1,"3":1,"6":1,"7":15,"8":15,"9":15,"10":15,"11":15,"13":15,"14":12,"15":11,"16":15,"18":15,"19":0,"20":0,"21":0,"22":0,"23":0,"24":0,"25":0,"26":0,"27":0,"28":0,"29":0,"30":0,"31":0,"32":0,"34":15,"35":11,"36":11,"37":7,"38":11,"39":3,"40":11,"41":1,"42":11,"43":0,"44":11,"45":11,"47":15,"48":15,"49":15,"50":15,"51":15,"52":15,"53":15,"54":15,"55":15,"57":15,"58":15,"59":15,"60":15,"61":15,"62":15,"63":15,"65":15,"66":15,"67":7,"69":7,"71":8,"72":8,"73":11,"74":11,"75":11,"76":11,"77":11,"78":11,"79":11,"80":11,"81":11,"82":11,"84":11,"85":1,"86":1,"87":1,"88":1,"89":1,"90":1,"93":11,"94":1,"95":1,"96":1,"97":1,"99":1,"100":1,"102":11,"103":8,"104":8,"106":15,"107":15,"109":15,"111":1},"branchMap":{"0":{"type":"branch","line":7,"loc":{"start":{"line":7,"column":21},"end":{"line":110,"column":2}},"locations":[{"start":{"line":7,"column":21},"end":{"line":110,"column":2}}]},"1":{"type":"branch","line":67,"loc":{"start":{"line":67,"column":38},"end":{"line":70,"column":16}},"locations":[{"start":{"line":67,"column":38},"end":{"line":70,"column":16}}]},"2":{"type":"branch","line":70,"loc":{"start":{"line":70,"column":10},"end":{"line":105,"column":16}},"locations":[{"start":{"line":70,"column":10},"end":{"line":105,"column":16}}]},"3":{"type":"branch","line":9,"loc":{"start":{"line":9,"column":46},"end":{"line":9,"column":71}},"locations":[{"start":{"line":9,"column":46},"end":{"line":9,"column":71}}]},"4":{"type":"branch","line":10,"loc":{"start":{"line":10,"column":34},"end":{"line":10,"column":55}},"locations":[{"start":{"line":10,"column":34},"end":{"line":10,"column":55}}]},"5":{"type":"branch","line":14,"loc":{"start":{"line":14,"column":45},"end":{"line":17,"column":3}},"locations":[{"start":{"line":14,"column":45},"end":{"line":17,"column":3}}]},"6":{"type":"branch","line":15,"loc":{"start":{"line":15,"column":28},"end":{"line":15,"column":77}},"locations":[{"start":{"line":15,"column":28},"end":{"line":15,"column":77}}]},"7":{"type":"branch","line":15,"loc":{"start":{"line":15,"column":77},"end":{"line":15,"column":90}},"locations":[{"start":{"line":15,"column":77},"end":{"line":15,"column":90}}]},"8":{"type":"branch","line":15,"loc":{"start":{"line":15,"column":84},"end":{"line":16,"column":16}},"locations":[{"start":{"line":15,"column":84},"end":{"line":16,"column":16}}]},"9":{"type":"branch","line":35,"loc":{"start":{"line":35,"column":28},"end":{"line":46,"column":4}},"locations":[{"start":{"line":35,"column":28},"end":{"line":46,"column":4}}]},"10":{"type":"branch","line":37,"loc":{"start":{"line":37,"column":6},"end":{"line":38,"column":45}},"locations":[{"start":{"line":37,"column":6},"end":{"line":38,"column":45}}]},"11":{"type":"branch","line":39,"loc":{"start":{"line":39,"column":6},"end":{"line":40,"column":41}},"locations":[{"start":{"line":39,"column":6},"end":{"line":40,"column":41}}]},"12":{"type":"branch","line":41,"loc":{"start":{"line":41,"column":6},"end":{"line":42,"column":43}},"locations":[{"start":{"line":41,"column":6},"end":{"line":42,"column":43}}]},"13":{"type":"branch","line":43,"loc":{"start":{"line":43,"column":6},"end":{"line":44,"column":43}},"locations":[{"start":{"line":43,"column":6},"end":{"line":44,"column":43}}]},"14":{"type":"branch","line":55,"loc":{"start":{"line":55,"column":22},"end":{"line":55,"column":64}},"locations":[{"start":{"line":55,"column":22},"end":{"line":55,"column":64}}]},"15":{"type":"branch","line":73,"loc":{"start":{"line":73,"column":35},"end":{"line":103,"column":20}},"locations":[{"start":{"line":73,"column":35},"end":{"line":103,"column":20}}]},"16":{"type":"branch","line":85,"loc":{"start":{"line":85,"column":26},"end":{"line":91,"column":24}},"locations":[{"start":{"line":85,"column":26},"end":{"line":91,"column":24}}]},"17":{"type":"branch","line":94,"loc":{"start":{"line":94,"column":17},"end":{"line":94,"column":32}},"locations":[{"start":{"line":94,"column":17},"end":{"line":94,"column":32}}]},"18":{"type":"branch","line":94,"loc":{"start":{"line":94,"column":32},"end":{"line":94,"column":82}},"locations":[{"start":{"line":94,"column":32},"end":{"line":94,"column":82}}]},"19":{"type":"branch","line":94,"loc":{"start":{"line":94,"column":68},"end":{"line":94,"column":111}},"locations":[{"start":{"line":94,"column":68},"end":{"line":94,"column":111}}]},"20":{"type":"branch","line":94,"loc":{"start":{"line":94,"column":92},"end":{"line":101,"column":27}},"locations":[{"start":{"line":94,"column":92},"end":{"line":101,"column":27}}]},"21":{"type":"branch","line":100,"loc":{"start":{"line":100,"column":53},"end":{"line":100,"column":76}},"locations":[{"start":{"line":100,"column":53},"end":{"line":100,"column":76}}]}},"b":{"0":[15],"1":[7],"2":[8],"3":[29],"4":[29],"5":[12],"6":[2],"7":[1],"8":[11],"9":[11],"10":[7],"11":[3],"12":[1],"13":[0],"14":[1],"15":[11],"16":[1],"17":[3],"18":[1],"19":[1],"20":[1],"21":[0]},"fnMap":{"0":{"name":"FeedbackList","decl":{"start":{"line":7,"column":21},"end":{"line":110,"column":2}},"loc":{"start":{"line":7,"column":21},"end":{"line":110,"column":2}},"line":7},"1":{"name":"handleGenerateResponse","decl":{"start":{"line":19,"column":33},"end":{"line":33,"column":4}},"loc":{"start":{"line":19,"column":33},"end":{"line":33,"column":4}},"line":19},"2":{"name":"getSentimentColor","decl":{"start":{"line":35,"column":28},"end":{"line":46,"column":4}},"loc":{"start":{"line":35,"column":28},"end":{"line":46,"column":4}},"line":35},"3":{"name":"onChange","decl":{"start":{"line":55,"column":22},"end":{"line":55,"column":64}},"loc":{"start":{"line":55,"column":22},"end":{"line":55,"column":64}},"line":55},"4":{"name":"onClick","decl":{"start":{"line":96,"column":29},"end":{"line":96,"column":68}},"loc":{"start":{"line":96,"column":29},"end":{"line":96,"column":68}},"line":96}},"f":{"0":15,"1":0,"2":11,"3":1,"4":0}}
,"C:\\Users\\hritik.gupta\\OneDrive - Fractal Analytics Limited\\projects\\asess React FastAPI Websocket\\frontend\\src\\components\\ProtectedRoute.tsx": {"path":"C:\\Users\\hritik.gupta\\OneDrive - Fractal Analytics Limited\\projects\\asess React FastAPI Websocket\\frontend\\src\\components\\ProtectedRoute.tsx","all":false,"statementMap":{"0":{"start":{"line":1,"column":0},"end":{"line":1,"column":44}},"1":{"start":{"line":2,"column":0},"end":{"line":2,"column":48}},"7":{"start":{"line":8,"column":0},"end":{"line":8,"column":63}},"8":{"start":{"line":9,"column":0},"end":{"line":9,"column":75}},"10":{"start":{"line":11,"column":0},"end":{"line":11,"column":35}},"11":{"start":{"line":12,"column":0},"end":{"line":12,"column":44}},"12":{"start":{"line":13,"column":0},"end":{"line":13,"column":3}},"14":{"start":{"line":15,"column":0},"end":{"line":15,"column":25}},"15":{"start":{"line":16,"column":0},"end":{"line":16,"column":2}},"17":{"start":{"line":18,"column":0},"end":{"line":18,"column":30}}},"s":{"0":1,"1":1,"7":1,"8":2,"10":2,"11":1,"12":1,"14":1,"15":1,"17":1},"branchMap":{"0":{"type":"branch","line":8,"loc":{"start":{"line":8,"column":23},"end":{"line":16,"column":2}},"locations":[{"start":{"line":8,"column":23},"end":{"line":16,"column":2}}]},"1":{"type":"branch","line":11,"loc":{"start":{"line":11,"column":7},"end":{"line":11,"column":34}},"locations":[{"start":{"line":11,"column":7},"end":{"line":11,"column":34}}]},"2":{"type":"branch","line":11,"loc":{"start":{"line":11,"column":34},"end":{"line":16,"column":2}},"locations":[{"start":{"line":11,"column":34},"end":{"line":16,"column":2}}]},"3":{"type":"branch","line":9,"loc":{"start":{"line":9,"column":52},"end":{"line":9,"column":73}},"locations":[{"start":{"line":9,"column":52},"end":{"line":9,"column":73}}]}},"b":{"0":[2],"1":[1],"2":[1],"3":[4]},"fnMap":{"0":{"name":"ProtectedRoute","decl":{"start":{"line":8,"column":23},"end":{"line":16,"column":2}},"loc":{"start":{"line":8,"column":23},"end":{"line":16,"column":2}},"line":8}},"f":{"0":2}}
,"C:\\Users\\hritik.gupta\\OneDrive - Fractal Analytics Limited\\projects\\asess React FastAPI Websocket\\frontend\\src\\components\\RequestsList.tsx": {"path":"C:\\Users\\hritik.gupta\\OneDrive - Fractal Analytics Limited\\projects\\asess React FastAPI Websocket\\frontend\\src\\components\\RequestsList.tsx","all":false,"statementMap":{"0":{"start":{"line":1,"column":0},"end":{"line":1,"column":33}},"1":{"start":{"line":2,"column":0},"end":{"line":2,"column":64}},"2":{"start":{"line":3,"column":0},"end":{"line":3,"column":55}},"3":{"start":{"line":4,"column":0},"end":{"line":4,"column":34}},"6":{"start":{"line":7,"column":0},"end":{"line":7,"column":28}},"7":{"start":{"line":8,"column":0},"end":{"line":8,"column":36}},"8":{"start":{"line":9,"column":0},"end":{"line":9,"column":72}},"9":{"start":{"line":10,"column":0},"end":{"line":10,"column":57}},"10":{"start":{"line":11,"column":0},"end":{"line":11,"column":66}},"11":{"start":{"line":12,"column":0},"end":{"line":12,"column":70}},"13":{"start":{"line":14,"column":0},"end":{"line":14,"column":57}},"14":{"start":{"line":15,"column":0},"end":{"line":15,"column":80}},"15":{"start":{"line":16,"column":0},"end":{"line":16,"column":86}},"16":{"start":{"line":17,"column":0},"end":{"line":17,"column":16}},"17":{"start":{"line":18,"column":0},"end":{"line":18,"column":5}},"19":{"start":{"line":20,"column":0},"end":{"line":20,"column":74}},"21":{"start":{"line":22,"column":0},"end":{"line":22,"column":58}},"22":{"start":{"line":23,"column":0},"end":{"line":23,"column":9}},"23":{"start":{"line":24,"column":0},"end":{"line":24,"column":71}},"24":{"start":{"line":25,"column":0},"end":{"line":25,"column":28}},"25":{"start":{"line":26,"column":0},"end":{"line":26,"column":9}},"26":{"start":{"line":27,"column":0},"end":{"line":27,"column":45}},"27":{"start":{"line":28,"column":0},"end":{"line":28,"column":21}},"28":{"start":{"line":29,"column":0},"end":{"line":29,"column":54}},"29":{"start":{"line":30,"column":0},"end":{"line":30,"column":5}},"30":{"start":{"line":31,"column":0},"end":{"line":31,"column":4}},"32":{"start":{"line":33,"column":0},"end":{"line":33,"column":46}},"33":{"start":{"line":34,"column":0},"end":{"line":34,"column":21}},"34":{"start":{"line":35,"column":0},"end":{"line":35,"column":21}},"35":{"start":{"line":36,"column":0},"end":{"line":36,"column":47}},"36":{"start":{"line":37,"column":0},"end":{"line":37,"column":25}},"37":{"start":{"line":38,"column":0},"end":{"line":38,"column":43}},"38":{"start":{"line":39,"column":0},"end":{"line":39,"column":23}},"39":{"start":{"line":40,"column":0},"end":{"line":40,"column":45}},"40":{"start":{"line":41,"column":0},"end":{"line":41,"column":14}},"41":{"start":{"line":42,"column":0},"end":{"line":42,"column":43}},"42":{"start":{"line":43,"column":0},"end":{"line":43,"column":5}},"43":{"start":{"line":44,"column":0},"end":{"line":44,"column":4}},"45":{"start":{"line":46,"column":0},"end":{"line":46,"column":10}},"46":{"start":{"line":47,"column":0},"end":{"line":47,"column":48}},"47":{"start":{"line":48,"column":0},"end":{"line":48,"column":58}},"48":{"start":{"line":49,"column":0},"end":{"line":49,"column":79}},"49":{"start":{"line":50,"column":0},"end":{"line":50,"column":62}},"50":{"start":{"line":51,"column":0},"end":{"line":51,"column":17}},"51":{"start":{"line":52,"column":0},"end":{"line":52,"column":32}},"52":{"start":{"line":53,"column":0},"end":{"line":53,"column":61}},"53":{"start":{"line":54,"column":0},"end":{"line":54,"column":129}},"55":{"start":{"line":56,"column":0},"end":{"line":56,"column":51}},"56":{"start":{"line":57,"column":0},"end":{"line":57,"column":52}},"57":{"start":{"line":58,"column":0},"end":{"line":58,"column":60}},"58":{"start":{"line":59,"column":0},"end":{"line":59,"column":56}},"59":{"start":{"line":60,"column":0},"end":{"line":60,"column":19}},"60":{"start":{"line":61,"column":0},"end":{"line":61,"column":17}},"61":{"start":{"line":62,"column":0},"end":{"line":62,"column":34}},"62":{"start":{"line":63,"column":0},"end":{"line":63,"column":63}},"63":{"start":{"line":64,"column":0},"end":{"line":64,"column":129}},"65":{"start":{"line":66,"column":0},"end":{"line":66,"column":55}},"66":{"start":{"line":67,"column":0},"end":{"line":67,"column":38}},"67":{"start":{"line":68,"column":0},"end":{"line":68,"column":44}},"68":{"start":{"line":69,"column":0},"end":{"line":69,"column":21}},"69":{"start":{"line":70,"column":0},"end":{"line":70,"column":23}},"70":{"start":{"line":71,"column":0},"end":{"line":71,"column":15}},"71":{"start":{"line":72,"column":0},"end":{"line":72,"column":19}},"72":{"start":{"line":73,"column":0},"end":{"line":73,"column":14}},"73":{"start":{"line":74,"column":0},"end":{"line":74,"column":12}},"75":{"start":{"line":76,"column":0},"end":{"line":76,"column":65}},"76":{"start":{"line":77,"column":0},"end":{"line":77,"column":42}},"77":{"start":{"line":78,"column":0},"end":{"line":78,"column":64}},"79":{"start":{"line":80,"column":0},"end":{"line":80,"column":16}},"81":{"start":{"line":82,"column":0},"end":{"line":82,"column":52}},"82":{"start":{"line":83,"column":0},"end":{"line":83,"column":48}},"83":{"start":{"line":84,"column":0},"end":{"line":84,"column":75}},"84":{"start":{"line":85,"column":0},"end":{"line":85,"column":66}},"85":{"start":{"line":86,"column":0},"end":{"line":86,"column":42}},"86":{"start":{"line":87,"column":0},"end":{"line":87,"column":66}},"87":{"start":{"line":88,"column":0},"end":{"line":88,"column":119}},"88":{"start":{"line":89,"column":0},"end":{"line":89,"column":40}},"89":{"start":{"line":90,"column":0},"end":{"line":90,"column":29}},"90":{"start":{"line":91,"column":0},"end":{"line":91,"column":109}},"91":{"start":{"line":92,"column":0},"end":{"line":92,"column":42}},"92":{"start":{"line":93,"column":0},"end":{"line":93,"column":29}},"93":{"start":{"line":94,"column":0},"end":{"line":94,"column":26}},"94":{"start":{"line":95,"column":0},"end":{"line":95,"column":87}},"95":{"start":{"line":96,"column":0},"end":{"line":96,"column":59}},"96":{"start":{"line":97,"column":0},"end":{"line":97,"column":104}},"97":{"start":{"line":98,"column":0},"end":{"line":98,"column":26}},"98":{"start":{"line":99,"column":0},"end":{"line":99,"column":24}},"99":{"start":{"line":100,"column":0},"end":{"line":100,"column":82}},"100":{"start":{"line":101,"column":0},"end":{"line":101,"column":27}},"101":{"start":{"line":102,"column":0},"end":{"line":102,"column":65}},"102":{"start":{"line":103,"column":0},"end":{"line":103,"column":140}},"103":{"start":{"line":104,"column":0},"end":{"line":104,"column":21}},"105":{"start":{"line":106,"column":0},"end":{"line":106,"column":29}},"107":{"start":{"line":108,"column":0},"end":{"line":108,"column":22}},"108":{"start":{"line":109,"column":0},"end":{"line":109,"column":20}},"109":{"start":{"line":110,"column":0},"end":{"line":110,"column":15}},"110":{"start":{"line":111,"column":0},"end":{"line":111,"column":16}},"112":{"start":{"line":113,"column":0},"end":{"line":113,"column":12}},"113":{"start":{"line":114,"column":0},"end":{"line":114,"column":10}},"115":{"start":{"line":116,"column":0},"end":{"line":116,"column":2}},"117":{"start":{"line":118,"column":0},"end":{"line":118,"column":28}}},"s":{"0":1,"1":1,"2":1,"3":1,"6":1,"7":16,"8":16,"9":16,"10":16,"11":16,"13":16,"14":15,"15":15,"16":13,"17":16,"19":16,"21":16,"22":0,"23":0,"24":0,"25":0,"26":0,"27":0,"28":0,"29":0,"30":0,"32":16,"33":13,"34":13,"35":10,"36":13,"37":1,"38":13,"39":2,"40":13,"41":0,"42":13,"43":13,"45":16,"46":16,"47":16,"48":16,"49":16,"50":16,"51":16,"52":16,"53":16,"55":16,"56":16,"57":16,"58":16,"59":16,"60":16,"61":16,"62":16,"63":16,"65":16,"66":16,"67":11,"68":11,"69":11,"70":16,"71":16,"72":16,"73":16,"75":16,"76":16,"77":7,"79":7,"81":9,"82":9,"83":13,"84":13,"85":13,"86":13,"87":13,"88":13,"89":13,"90":13,"91":13,"92":13,"93":13,"94":13,"95":13,"96":13,"97":13,"98":13,"99":13,"100":1,"101":1,"102":1,"103":1,"105":1,"107":13,"108":13,"109":9,"110":9,"112":16,"113":16,"115":16,"117":1},"branchMap":{"0":{"type":"branch","line":7,"loc":{"start":{"line":7,"column":21},"end":{"line":116,"column":2}},"locations":[{"start":{"line":7,"column":21},"end":{"line":116,"column":2}}]},"1":{"type":"branch","line":77,"loc":{"start":{"line":77,"column":37},"end":{"line":80,"column":16}},"locations":[{"start":{"line":77,"column":37},"end":{"line":80,"column":16}}]},"2":{"type":"branch","line":80,"loc":{"start":{"line":80,"column":10},"end":{"line":111,"column":16}},"locations":[{"start":{"line":80,"column":10},"end":{"line":111,"column":16}}]},"3":{"type":"branch","line":9,"loc":{"start":{"line":9,"column":45},"end":{"line":9,"column":70}},"locations":[{"start":{"line":9,"column":45},"end":{"line":9,"column":70}}]},"4":{"type":"branch","line":10,"loc":{"start":{"line":10,"column":34},"end":{"line":10,"column":55}},"locations":[{"start":{"line":10,"column":34},"end":{"line":10,"column":55}}]},"5":{"type":"branch","line":14,"loc":{"start":{"line":14,"column":43},"end":{"line":18,"column":3}},"locations":[{"start":{"line":14,"column":43},"end":{"line":18,"column":3}}]},"6":{"type":"branch","line":15,"loc":{"start":{"line":15,"column":25},"end":{"line":15,"column":67}},"locations":[{"start":{"line":15,"column":25},"end":{"line":15,"column":67}}]},"7":{"type":"branch","line":15,"loc":{"start":{"line":15,"column":67},"end":{"line":15,"column":80}},"locations":[{"start":{"line":15,"column":67},"end":{"line":15,"column":80}}]},"8":{"type":"branch","line":15,"loc":{"start":{"line":15,"column":74},"end":{"line":16,"column":36}},"locations":[{"start":{"line":15,"column":74},"end":{"line":16,"column":36}}]},"9":{"type":"branch","line":16,"loc":{"start":{"line":16,"column":27},"end":{"line":16,"column":73}},"locations":[{"start":{"line":16,"column":27},"end":{"line":16,"column":73}}]},"10":{"type":"branch","line":16,"loc":{"start":{"line":16,"column":73},"end":{"line":16,"column":86}},"locations":[{"start":{"line":16,"column":73},"end":{"line":16,"column":86}}]},"11":{"type":"branch","line":16,"loc":{"start":{"line":16,"column":80},"end":{"line":17,"column":16}},"locations":[{"start":{"line":16,"column":80},"end":{"line":17,"column":16}}]},"12":{"type":"branch","line":20,"loc":{"start":{"line":20,"column":53},"end":{"line":20,"column":70}},"locations":[{"start":{"line":20,"column":53},"end":{"line":20,"column":70}}]},"13":{"type":"branch","line":33,"loc":{"start":{"line":33,"column":25},"end":{"line":44,"column":4}},"locations":[{"start":{"line":33,"column":25},"end":{"line":44,"column":4}}]},"14":{"type":"branch","line":35,"loc":{"start":{"line":35,"column":6},"end":{"line":36,"column":47}},"locations":[{"start":{"line":35,"column":6},"end":{"line":36,"column":47}}]},"15":{"type":"branch","line":37,"loc":{"start":{"line":37,"column":6},"end":{"line":38,"column":43}},"locations":[{"start":{"line":37,"column":6},"end":{"line":38,"column":43}}]},"16":{"type":"branch","line":39,"loc":{"start":{"line":39,"column":6},"end":{"line":40,"column":45}},"locations":[{"start":{"line":39,"column":6},"end":{"line":40,"column":45}}]},"17":{"type":"branch","line":41,"loc":{"start":{"line":41,"column":6},"end":{"line":42,"column":43}},"locations":[{"start":{"line":41,"column":6},"end":{"line":42,"column":43}}]},"18":{"type":"branch","line":53,"loc":{"start":{"line":53,"column":22},"end":{"line":53,"column":61}},"locations":[{"start":{"line":53,"column":22},"end":{"line":53,"column":61}}]},"19":{"type":"branch","line":63,"loc":{"start":{"line":63,"column":22},"end":{"line":63,"column":63}},"locations":[{"start":{"line":63,"column":22},"end":{"line":63,"column":63}}]},"20":{"type":"branch","line":67,"loc":{"start":{"line":67,"column":28},"end":{"line":70,"column":23}},"locations":[{"start":{"line":67,"column":28},"end":{"line":70,"column":23}}]},"21":{"type":"branch","line":83,"loc":{"start":{"line":83,"column":34},"end":{"line":109,"column":20}},"locations":[{"start":{"line":83,"column":34},"end":{"line":109,"column":20}}]},"22":{"type":"branch","line":100,"loc":{"start":{"line":100,"column":19},"end":{"line":100,"column":34}},"locations":[{"start":{"line":100,"column":19},"end":{"line":100,"column":34}}]},"23":{"type":"branch","line":100,"loc":{"start":{"line":100,"column":34},"end":{"line":100,"column":82}},"locations":[{"start":{"line":100,"column":34},"end":{"line":100,"column":82}}]},"24":{"type":"branch","line":100,"loc":{"start":{"line":100,"column":66},"end":{"line":106,"column":29}},"locations":[{"start":{"line":100,"column":66},"end":{"line":106,"column":29}}]}},"b":{"0":[16],"1":[7],"2":[9],"3":[30],"4":[30],"5":[15],"6":[2],"7":[1],"8":[14],"9":[2],"10":[1],"11":[13],"12":[15],"13":[13],"14":[10],"15":[1],"16":[2],"17":[0],"18":[1],"19":[1],"20":[11],"21":[13],"22":[3],"23":[1],"24":[1]},"fnMap":{"0":{"name":"RequestsList","decl":{"start":{"line":7,"column":21},"end":{"line":116,"column":2}},"loc":{"start":{"line":7,"column":21},"end":{"line":116,"column":2}},"line":7},"1":{"name":"handleMarkComplete","decl":{"start":{"line":22,"column":29},"end":{"line":31,"column":4}},"loc":{"start":{"line":22,"column":29},"end":{"line":31,"column":4}},"line":22},"2":{"name":"getStatusColor","decl":{"start":{"line":33,"column":25},"end":{"line":44,"column":4}},"loc":{"start":{"line":33,"column":25},"end":{"line":44,"column":4}},"line":33},"3":{"name":"onChange","decl":{"start":{"line":53,"column":22},"end":{"line":53,"column":61}},"loc":{"start":{"line":53,"column":22},"end":{"line":53,"column":61}},"line":53},"4":{"name":"onChange","decl":{"start":{"line":63,"column":22},"end":{"line":63,"column":63}},"loc":{"start":{"line":63,"column":22},"end":{"line":63,"column":63}},"line":63},"5":{"name":"onClick","decl":{"start":{"line":102,"column":31},"end":{"line":102,"column":65}},"loc":{"start":{"line":102,"column":31},"end":{"line":102,"column":65}},"line":102}},"f":{"0":16,"1":0,"2":13,"3":1,"4":1,"5":0}}
,"C:\\Users\\hritik.gupta\\OneDrive - Fractal Analytics Limited\\projects\\asess React FastAPI Websocket\\frontend\\src\\hooks\\useWebSocket.ts": {"path":"C:\\Users\\hritik.gupta\\OneDrive - Fractal Analytics Limited\\projects\\asess React FastAPI Websocket\\frontend\\src\\hooks\\useWebSocket.ts","all":false,"statementMap":{"0":{"start":{"line":1,"column":0},"end":{"line":1,"column":42}},"1":{"start":{"line":2,"column":0},"end":{"line":2,"column":48}},"2":{"start":{"line":3,"column":0},"end":{"line":3,"column":67}},"3":{"start":{"line":4,"column":0},"end":{"line":4,"column":69}},"6":{"start":{"line":7,"column":0},"end":{"line":7,"column":68}},"8":{"start":{"line":9,"column":0},"end":{"line":9,"column":55}},"9":{"start":{"line":10,"column":0},"end":{"line":10,"column":36}},"10":{"start":{"line":11,"column":0},"end":{"line":11,"column":47}},"11":{"start":{"line":12,"column":0},"end":{"line":12,"column":63}},"13":{"start":{"line":14,"column":0},"end":{"line":14,"column":19}},"14":{"start":{"line":15,"column":0},"end":{"line":15,"column":23}},"16":{"start":{"line":17,"column":0},"end":{"line":17,"column":27}},"17":{"start":{"line":18,"column":0},"end":{"line":18,"column":62}},"18":{"start":{"line":19,"column":0},"end":{"line":19,"column":25}},"20":{"start":{"line":21,"column":0},"end":{"line":21,"column":25}},"21":{"start":{"line":22,"column":0},"end":{"line":22,"column":43}},"22":{"start":{"line":23,"column":0},"end":{"line":23,"column":8}},"24":{"start":{"line":25,"column":0},"end":{"line":25,"column":33}},"25":{"start":{"line":26,"column":0},"end":{"line":26,"column":13}},"26":{"start":{"line":27,"column":0},"end":{"line":27,"column":49}},"28":{"start":{"line":29,"column":0},"end":{"line":29,"column":33}},"29":{"start":{"line":30,"column":0},"end":{"line":30,"column":31}},"30":{"start":{"line":31,"column":0},"end":{"line":31,"column":60}},"31":{"start":{"line":32,"column":0},"end":{"line":32,"column":20}},"32":{"start":{"line":33,"column":0},"end":{"line":33,"column":35}},"33":{"start":{"line":34,"column":0},"end":{"line":34,"column":63}},"34":{"start":{"line":35,"column":0},"end":{"line":35,"column":20}},"35":{"start":{"line":36,"column":0},"end":{"line":36,"column":32}},"36":{"start":{"line":37,"column":0},"end":{"line":37,"column":62}},"37":{"start":{"line":38,"column":0},"end":{"line":38,"column":20}},"38":{"start":{"line":39,"column":0},"end":{"line":39,"column":36}},"39":{"start":{"line":40,"column":0},"end":{"line":40,"column":65}},"40":{"start":{"line":41,"column":0},"end":{"line":41,"column":20}},"41":{"start":{"line":42,"column":0},"end":{"line":42,"column":11}},"42":{"start":{"line":43,"column":0},"end":{"line":43,"column":25}},"43":{"start":{"line":44,"column":0},"end":{"line":44,"column":59}},"44":{"start":{"line":45,"column":0},"end":{"line":45,"column":9}},"45":{"start":{"line":46,"column":0},"end":{"line":46,"column":8}},"47":{"start":{"line":48,"column":0},"end":{"line":48,"column":31}},"48":{"start":{"line":49,"column":0},"end":{"line":49,"column":49}},"49":{"start":{"line":50,"column":0},"end":{"line":50,"column":8}},"51":{"start":{"line":52,"column":0},"end":{"line":52,"column":26}},"52":{"start":{"line":53,"column":0},"end":{"line":53,"column":63}},"53":{"start":{"line":54,"column":0},"end":{"line":54,"column":71}},"54":{"start":{"line":55,"column":0},"end":{"line":55,"column":8}},"55":{"start":{"line":56,"column":0},"end":{"line":56,"column":6}},"57":{"start":{"line":58,"column":0},"end":{"line":58,"column":14}},"59":{"start":{"line":60,"column":0},"end":{"line":60,"column":18}},"60":{"start":{"line":61,"column":0},"end":{"line":61,"column":40}},"61":{"start":{"line":62,"column":0},"end":{"line":62,"column":50}},"62":{"start":{"line":63,"column":0},"end":{"line":63,"column":7}},"63":{"start":{"line":64,"column":0},"end":{"line":64,"column":26}},"64":{"start":{"line":65,"column":0},"end":{"line":65,"column":30}},"65":{"start":{"line":66,"column":0},"end":{"line":66,"column":7}},"66":{"start":{"line":67,"column":0},"end":{"line":67,"column":6}},"67":{"start":{"line":68,"column":0},"end":{"line":68,"column":24}},"69":{"start":{"line":70,"column":0},"end":{"line":70,"column":23}},"70":{"start":{"line":71,"column":0},"end":{"line":71,"column":2}}},"s":{"0":1,"1":1,"2":1,"3":1,"6":1,"8":1,"9":8,"10":8,"11":8,"13":8,"14":8,"16":7,"17":7,"18":7,"20":7,"21":7,"22":7,"24":7,"25":0,"26":0,"28":0,"29":0,"30":0,"31":0,"32":0,"33":0,"34":0,"35":0,"36":0,"37":0,"38":0,"39":0,"40":0,"41":0,"42":0,"43":0,"44":0,"45":0,"47":7,"48":0,"49":0,"51":7,"52":7,"53":7,"54":7,"55":7,"57":7,"59":7,"60":7,"61":0,"62":0,"63":7,"64":7,"65":7,"66":7,"67":8,"69":8,"70":8},"branchMap":{"0":{"type":"branch","line":7,"loc":{"start":{"line":7,"column":31},"end":{"line":7,"column":68}},"locations":[{"start":{"line":7,"column":31},"end":{"line":7,"column":68}}]},"1":{"type":"branch","line":9,"loc":{"start":{"line":9,"column":28},"end":{"line":71,"column":2}},"locations":[{"start":{"line":9,"column":28},"end":{"line":71,"column":2}}]},"2":{"type":"branch","line":14,"loc":{"start":{"line":14,"column":12},"end":{"line":68,"column":5}},"locations":[{"start":{"line":14,"column":12},"end":{"line":68,"column":5}}]},"3":{"type":"branch","line":15,"loc":{"start":{"line":15,"column":16},"end":{"line":15,"column":23}},"locations":[{"start":{"line":15,"column":16},"end":{"line":15,"column":23}}]},"4":{"type":"branch","line":15,"loc":{"start":{"line":15,"column":16},"end":{"line":67,"column":6}},"locations":[{"start":{"line":15,"column":16},"end":{"line":67,"column":6}}]},"5":{"type":"branch","line":17,"loc":{"start":{"line":17,"column":20},"end":{"line":56,"column":6}},"locations":[{"start":{"line":17,"column":20},"end":{"line":56,"column":6}}]},"6":{"type":"branch","line":21,"loc":{"start":{"line":21,"column":18},"end":{"line":23,"column":8}},"locations":[{"start":{"line":21,"column":18},"end":{"line":23,"column":8}}]},"7":{"type":"branch","line":52,"loc":{"start":{"line":52,"column":19},"end":{"line":55,"column":8}},"locations":[{"start":{"line":52,"column":19},"end":{"line":55,"column":8}}]},"8":{"type":"branch","line":60,"loc":{"start":{"line":60,"column":11},"end":{"line":67,"column":6}},"locations":[{"start":{"line":60,"column":11},"end":{"line":67,"column":6}}]},"9":{"type":"branch","line":61,"loc":{"start":{"line":61,"column":39},"end":{"line":63,"column":7}},"locations":[{"start":{"line":61,"column":39},"end":{"line":63,"column":7}}]}},"b":{"0":[0],"1":[8],"2":[8],"3":[1],"4":[7],"5":[7],"6":[7],"7":[7],"8":[7],"9":[0]},"fnMap":{"0":{"name":"useWebSocket","decl":{"start":{"line":9,"column":28},"end":{"line":71,"column":2}},"loc":{"start":{"line":9,"column":28},"end":{"line":71,"column":2}},"line":9},"1":{"name":"connect","decl":{"start":{"line":17,"column":20},"end":{"line":56,"column":6}},"loc":{"start":{"line":17,"column":20},"end":{"line":56,"column":6}},"line":17},"2":{"name":"ws.onopen","decl":{"start":{"line":21,"column":18},"end":{"line":23,"column":8}},"loc":{"start":{"line":21,"column":18},"end":{"line":23,"column":8}},"line":21},"3":{"name":"ws.onmessage","decl":{"start":{"line":25,"column":21},"end":{"line":46,"column":8}},"loc":{"start":{"line":25,"column":21},"end":{"line":46,"column":8}},"line":25},"4":{"name":"ws.onerror","decl":{"start":{"line":48,"column":19},"end":{"line":50,"column":8}},"loc":{"start":{"line":48,"column":19},"end":{"line":50,"column":8}},"line":48},"5":{"name":"ws.onclose","decl":{"start":{"line":52,"column":19},"end":{"line":55,"column":8}},"loc":{"start":{"line":52,"column":19},"end":{"line":55,"column":8}},"line":52}},"f":{"0":8,"1":7,"2":7,"3":0,"4":0,"5":7}}
,"C:\\Users\\hritik.gupta\\OneDrive - Fractal Analytics Limited\\projects\\asess React FastAPI Websocket\\frontend\\src\\pages\\Dashboard.tsx": {"path":"C:\\Users\\hritik.gupta\\OneDrive - Fractal Analytics Limited\\projects\\asess React FastAPI Websocket\\frontend\\src\\pages\\Dashboard.tsx","all":false,"statementMap":{"0":{"start":{"line":1,"column":0},"end":{"line":1,"column":44}},"1":{"start":{"line":2,"column":0},"end":{"line":2,"column":47}},"2":{"start":{"line":3,"column":0},"end":{"line":3,"column":64}},"3":{"start":{"line":4,"column":0},"end":{"line":4,"column":44}},"4":{"start":{"line":5,"column":0},"end":{"line":5,"column":53}},"5":{"start":{"line":6,"column":0},"end":{"line":6,"column":53}},"6":{"start":{"line":7,"column":0},"end":{"line":7,"column":53}},"7":{"start":{"line":8,"column":0},"end":{"line":8,"column":34}},"8":{"start":{"line":9,"column":0},"end":{"line":9,"column":54}},"9":{"start":{"line":10,"column":0},"end":{"line":10,"column":54}},"11":{"start":{"line":12,"column":0},"end":{"line":12,"column":25}},"12":{"start":{"line":13,"column":0},"end":{"line":13,"column":36}},"13":{"start":{"line":14,"column":0},"end":{"line":14,"column":33}},"14":{"start":{"line":15,"column":0},"end":{"line":15,"column":64}},"15":{"start":{"line":16,"column":0},"end":{"line":16,"column":47}},"17":{"start":{"line":18,"column":0},"end":{"line":18,"column":22}},"19":{"start":{"line":20,"column":0},"end":{"line":20,"column":19}},"20":{"start":{"line":21,"column":0},"end":{"line":21,"column":35}},"21":{"start":{"line":22,"column":0},"end":{"line":22,"column":11}},"22":{"start":{"line":23,"column":0},"end":{"line":23,"column":62}},"23":{"start":{"line":24,"column":0},"end":{"line":24,"column":35}},"24":{"start":{"line":25,"column":0},"end":{"line":25,"column":35}},"25":{"start":{"line":26,"column":0},"end":{"line":26,"column":11}},"26":{"start":{"line":27,"column":0},"end":{"line":27,"column":48}},"27":{"start":{"line":28,"column":0},"end":{"line":28,"column":48}},"28":{"start":{"line":29,"column":0},"end":{"line":29,"column":23}},"29":{"start":{"line":30,"column":0},"end":{"line":30,"column":53}},"30":{"start":{"line":31,"column":0},"end":{"line":31,"column":17}},"31":{"start":{"line":32,"column":0},"end":{"line":32,"column":26}},"32":{"start":{"line":33,"column":0},"end":{"line":33,"column":7}},"33":{"start":{"line":34,"column":0},"end":{"line":34,"column":6}},"35":{"start":{"line":36,"column":0},"end":{"line":36,"column":16}},"36":{"start":{"line":37,"column":0},"end":{"line":37,"column":17}},"38":{"start":{"line":39,"column":0},"end":{"line":39,"column":30}},"39":{"start":{"line":40,"column":0},"end":{"line":40,"column":23}},"40":{"start":{"line":41,"column":0},"end":{"line":41,"column":23}},"41":{"start":{"line":42,"column":0},"end":{"line":42,"column":4}},"43":{"start":{"line":44,"column":0},"end":{"line":44,"column":16}},"44":{"start":{"line":45,"column":0},"end":{"line":45,"column":12}},"45":{"start":{"line":46,"column":0},"end":{"line":46,"column":80}},"46":{"start":{"line":47,"column":0},"end":{"line":47,"column":37}},"47":{"start":{"line":48,"column":0},"end":{"line":48,"column":106}},"48":{"start":{"line":49,"column":0},"end":{"line":49,"column":68}},"49":{"start":{"line":50,"column":0},"end":{"line":50,"column":14}},"50":{"start":{"line":51,"column":0},"end":{"line":51,"column":12}},"52":{"start":{"line":53,"column":0},"end":{"line":53,"column":3}},"54":{"start":{"line":55,"column":0},"end":{"line":55,"column":10}},"55":{"start":{"line":56,"column":0},"end":{"line":56,"column":45}},"56":{"start":{"line":57,"column":0},"end":{"line":57,"column":42}},"57":{"start":{"line":58,"column":0},"end":{"line":58,"column":64}},"58":{"start":{"line":59,"column":0},"end":{"line":59,"column":66}},"59":{"start":{"line":60,"column":0},"end":{"line":60,"column":17}},"60":{"start":{"line":61,"column":0},"end":{"line":61,"column":93}},"61":{"start":{"line":62,"column":0},"end":{"line":62,"column":18}},"62":{"start":{"line":63,"column":0},"end":{"line":63,"column":57}},"63":{"start":{"line":64,"column":0},"end":{"line":64,"column":39}},"64":{"start":{"line":65,"column":0},"end":{"line":65,"column":64}},"65":{"start":{"line":66,"column":0},"end":{"line":66,"column":84}},"66":{"start":{"line":67,"column":0},"end":{"line":67,"column":72}},"67":{"start":{"line":68,"column":0},"end":{"line":68,"column":106}},"68":{"start":{"line":69,"column":0},"end":{"line":69,"column":20}},"69":{"start":{"line":70,"column":0},"end":{"line":70,"column":30}},"70":{"start":{"line":71,"column":0},"end":{"line":71,"column":23}},"71":{"start":{"line":72,"column":0},"end":{"line":72,"column":20}},"72":{"start":{"line":73,"column":0},"end":{"line":73,"column":21}},"73":{"start":{"line":74,"column":0},"end":{"line":74,"column":38}},"74":{"start":{"line":75,"column":0},"end":{"line":75,"column":138}},"75":{"start":{"line":76,"column":0},"end":{"line":76,"column":15}},"77":{"start":{"line":78,"column":0},"end":{"line":78,"column":23}},"78":{"start":{"line":79,"column":0},"end":{"line":79,"column":18}},"79":{"start":{"line":80,"column":0},"end":{"line":80,"column":16}},"80":{"start":{"line":81,"column":0},"end":{"line":81,"column":14}},"81":{"start":{"line":82,"column":0},"end":{"line":82,"column":12}},"83":{"start":{"line":84,"column":0},"end":{"line":84,"column":68}},"84":{"start":{"line":85,"column":0},"end":{"line":85,"column":63}},"85":{"start":{"line":86,"column":0},"end":{"line":86,"column":26}},"86":{"start":{"line":87,"column":0},"end":{"line":87,"column":26}},"87":{"start":{"line":88,"column":0},"end":{"line":88,"column":14}},"88":{"start":{"line":89,"column":0},"end":{"line":89,"column":13}},"89":{"start":{"line":90,"column":0},"end":{"line":90,"column":10}},"91":{"start":{"line":92,"column":0},"end":{"line":92,"column":2}},"93":{"start":{"line":94,"column":0},"end":{"line":94,"column":25}}},"s":{"0":1,"1":1,"2":1,"3":1,"4":1,"5":1,"6":1,"7":1,"8":1,"9":1,"11":1,"12":13,"13":13,"14":13,"15":13,"17":13,"19":13,"20":7,"21":7,"22":7,"23":7,"24":7,"25":7,"26":5,"27":5,"28":7,"29":1,"30":7,"31":6,"32":6,"33":7,"35":7,"36":13,"38":13,"39":0,"40":0,"41":0,"43":13,"44":7,"45":7,"46":7,"47":7,"48":7,"49":7,"50":7,"52":7,"54":6,"55":6,"56":6,"57":6,"58":6,"59":6,"60":6,"61":6,"62":6,"63":6,"64":6,"65":13,"66":13,"67":13,"68":13,"69":13,"70":13,"71":13,"72":13,"73":13,"74":13,"75":13,"77":13,"78":13,"79":13,"80":13,"81":13,"83":13,"84":13,"85":13,"86":13,"87":13,"88":13,"89":13,"91":13,"93":1},"branchMap":{"0":{"type":"branch","line":12,"loc":{"start":{"line":12,"column":18},"end":{"line":92,"column":2}},"locations":[{"start":{"line":12,"column":18},"end":{"line":92,"column":2}}]},"1":{"type":"branch","line":44,"loc":{"start":{"line":44,"column":15},"end":{"line":53,"column":3}},"locations":[{"start":{"line":44,"column":15},"end":{"line":53,"column":3}}]},"2":{"type":"branch","line":53,"loc":{"start":{"line":53,"column":2},"end":{"line":66,"column":77}},"locations":[{"start":{"line":53,"column":2},"end":{"line":66,"column":77}}]},"3":{"type":"branch","line":68,"loc":{"start":{"line":68,"column":18},"end":{"line":68,"column":33}},"locations":[{"start":{"line":68,"column":18},"end":{"line":68,"column":33}}]},"4":{"type":"branch","line":68,"loc":{"start":{"line":68,"column":33},"end":{"line":68,"column":79}},"locations":[{"start":{"line":68,"column":33},"end":{"line":68,"column":79}}]},"5":{"type":"branch","line":68,"loc":{"start":{"line":68,"column":45},"end":{"line":68,"column":106}},"locations":[{"start":{"line":68,"column":45},"end":{"line":68,"column":106}}]},"6":{"type":"branch","line":70,"loc":{"start":{"line":70,"column":19},"end":{"line":70,"column":30}},"locations":[{"start":{"line":70,"column":19},"end":{"line":70,"column":30}}]},"7":{"type":"branch","line":15,"loc":{"start":{"line":15,"column":41},"end":{"line":15,"column":62}},"locations":[{"start":{"line":15,"column":41},"end":{"line":15,"column":62}}]},"8":{"type":"branch","line":20,"loc":{"start":{"line":20,"column":12},"end":{"line":37,"column":5}},"locations":[{"start":{"line":20,"column":12},"end":{"line":37,"column":5}}]},"9":{"type":"branch","line":21,"loc":{"start":{"line":21,"column":22},"end":{"line":34,"column":6}},"locations":[{"start":{"line":21,"column":22},"end":{"line":34,"column":6}}]},"10":{"type":"branch","line":26,"loc":{"start":{"line":26,"column":9},"end":{"line":29,"column":15}},"locations":[{"start":{"line":26,"column":9},"end":{"line":29,"column":15}}]},"11":{"type":"branch","line":29,"loc":{"start":{"line":29,"column":6},"end":{"line":31,"column":8}},"locations":[{"start":{"line":29,"column":6},"end":{"line":31,"column":8}}]},"12":{"type":"branch","line":31,"loc":{"start":{"line":31,"column":6},"end":{"line":33,"column":7}},"locations":[{"start":{"line":31,"column":6},"end":{"line":33,"column":7}}]}},"b":{"0":[13],"1":[7],"2":[6],"3":[6],"4":[0],"5":[6],"6":[6],"7":[30],"8":[7],"9":[7],"10":[5],"11":[1],"12":[6]},"fnMap":{"0":{"name":"Dashboard","decl":{"start":{"line":12,"column":18},"end":{"line":92,"column":2}},"loc":{"start":{"line":12,"column":18},"end":{"line":92,"column":2}},"line":12},"1":{"name":"fetchData","decl":{"start":{"line":21,"column":22},"end":{"line":34,"column":6}},"loc":{"start":{"line":21,"column":22},"end":{"line":34,"column":6}},"line":21},"2":{"name":"handleLogout","decl":{"start":{"line":39,"column":23},"end":{"line":42,"column":4}},"loc":{"start":{"line":39,"column":23},"end":{"line":42,"column":4}},"line":39}},"f":{"0":13,"1":7,"2":0}}
,"C:\\Users\\hritik.gupta\\OneDrive - Fractal Analytics Limited\\projects\\asess React FastAPI Websocket\\frontend\\src\\pages\\Login.tsx": {"path":"C:\\Users\\hritik.gupta\\OneDrive - Fractal Analytics Limited\\projects\\asess React FastAPI Websocket\\frontend\\src\\pages\\Login.tsx","all":false,"statementMap":{"0":{"start":{"line":1,"column":0},"end":{"line":1,"column":33}},"1":{"start":{"line":2,"column":0},"end":{"line":2,"column":53}},"2":{"start":{"line":3,"column":0},"end":{"line":3,"column":64}},"3":{"start":{"line":4,"column":0},"end":{"line":4,"column":43}},"5":{"start":{"line":6,"column":0},"end":{"line":6,"column":21}},"6":{"start":{"line":7,"column":0},"end":{"line":7,"column":41}},"7":{"start":{"line":8,"column":0},"end":{"line":8,"column":47}},"8":{"start":{"line":9,"column":0},"end":{"line":9,"column":36}},"9":{"start":{"line":10,"column":0},"end":{"line":10,"column":33}},"10":{"start":{"line":11,"column":0},"end":{"line":11,"column":67}},"12":{"start":{"line":13,"column":0},"end":{"line":13,"column":54}},"13":{"start":{"line":14,"column":0},"end":{"line":14,"column":23}},"14":{"start":{"line":15,"column":0},"end":{"line":15,"column":62}},"15":{"start":{"line":16,"column":0},"end":{"line":16,"column":40}},"16":{"start":{"line":17,"column":0},"end":{"line":17,"column":29}},"17":{"start":{"line":18,"column":0},"end":{"line":18,"column":5}},"18":{"start":{"line":19,"column":0},"end":{"line":19,"column":4}},"20":{"start":{"line":21,"column":0},"end":{"line":21,"column":10}},"21":{"start":{"line":22,"column":0},"end":{"line":22,"column":112}},"22":{"start":{"line":23,"column":0},"end":{"line":23,"column":73}},"23":{"start":{"line":24,"column":0},"end":{"line":24,"column":42}},"24":{"start":{"line":25,"column":0},"end":{"line":25,"column":80}},"25":{"start":{"line":26,"column":0},"end":{"line":26,"column":82}},"26":{"start":{"line":27,"column":0},"end":{"line":27,"column":14}},"28":{"start":{"line":29,"column":0},"end":{"line":29,"column":60}},"29":{"start":{"line":30,"column":0},"end":{"line":30,"column":15}},"30":{"start":{"line":31,"column":0},"end":{"line":31,"column":87}},"32":{"start":{"line":33,"column":0},"end":{"line":33,"column":20}},"33":{"start":{"line":34,"column":0},"end":{"line":34,"column":18}},"34":{"start":{"line":35,"column":0},"end":{"line":35,"column":24}},"35":{"start":{"line":36,"column":0},"end":{"line":36,"column":26}},"36":{"start":{"line":37,"column":0},"end":{"line":37,"column":22}},"37":{"start":{"line":38,"column":0},"end":{"line":38,"column":27}},"38":{"start":{"line":39,"column":0},"end":{"line":39,"column":56}},"39":{"start":{"line":40,"column":0},"end":{"line":40,"column":162}},"40":{"start":{"line":41,"column":0},"end":{"line":41,"column":14}},"41":{"start":{"line":42,"column":0},"end":{"line":42,"column":16}},"43":{"start":{"line":44,"column":0},"end":{"line":44,"column":15}},"44":{"start":{"line":45,"column":0},"end":{"line":45,"column":90}},"46":{"start":{"line":47,"column":0},"end":{"line":47,"column":20}},"47":{"start":{"line":48,"column":0},"end":{"line":48,"column":18}},"48":{"start":{"line":49,"column":0},"end":{"line":49,"column":27}},"49":{"start":{"line":50,"column":0},"end":{"line":50,"column":29}},"50":{"start":{"line":51,"column":0},"end":{"line":51,"column":22}},"51":{"start":{"line":52,"column":0},"end":{"line":52,"column":30}},"52":{"start":{"line":53,"column":0},"end":{"line":53,"column":59}},"53":{"start":{"line":54,"column":0},"end":{"line":54,"column":162}},"54":{"start":{"line":55,"column":0},"end":{"line":55,"column":14}},"55":{"start":{"line":56,"column":0},"end":{"line":56,"column":16}},"57":{"start":{"line":58,"column":0},"end":{"line":58,"column":21}},"58":{"start":{"line":59,"column":0},"end":{"line":59,"column":92}},"59":{"start":{"line":60,"column":0},"end":{"line":60,"column":21}},"60":{"start":{"line":61,"column":0},"end":{"line":61,"column":18}},"63":{"start":{"line":64,"column":0},"end":{"line":64,"column":17}},"64":{"start":{"line":65,"column":0},"end":{"line":65,"column":25}},"65":{"start":{"line":66,"column":0},"end":{"line":66,"column":30}},"66":{"start":{"line":67,"column":0},"end":{"line":67,"column":294}},"68":{"start":{"line":69,"column":0},"end":{"line":69,"column":51}},"69":{"start":{"line":70,"column":0},"end":{"line":70,"column":19}},"70":{"start":{"line":71,"column":0},"end":{"line":71,"column":15}},"72":{"start":{"line":73,"column":0},"end":{"line":73,"column":42}},"73":{"start":{"line":74,"column":0},"end":{"line":74,"column":47}},"74":{"start":{"line":75,"column":0},"end":{"line":75,"column":39}},"75":{"start":{"line":76,"column":0},"end":{"line":76,"column":95}},"77":{"start":{"line":78,"column":0},"end":{"line":78,"column":19}},"78":{"start":{"line":79,"column":0},"end":{"line":79,"column":14}},"79":{"start":{"line":80,"column":0},"end":{"line":80,"column":14}},"81":{"start":{"line":82,"column":0},"end":{"line":82,"column":60}},"82":{"start":{"line":83,"column":0},"end":{"line":83,"column":80}},"83":{"start":{"line":84,"column":0},"end":{"line":84,"column":64}},"84":{"start":{"line":85,"column":0},"end":{"line":85,"column":57}},"86":{"start":{"line":87,"column":0},"end":{"line":87,"column":14}},"87":{"start":{"line":88,"column":0},"end":{"line":88,"column":14}},"88":{"start":{"line":89,"column":0},"end":{"line":89,"column":12}},"89":{"start":{"line":90,"column":0},"end":{"line":90,"column":10}},"91":{"start":{"line":92,"column":0},"end":{"line":92,"column":2}},"93":{"start":{"line":94,"column":0},"end":{"line":94,"column":21}}},"s":{"0":1,"1":1,"2":1,"3":1,"5":1,"6":12,"7":12,"8":12,"9":12,"10":12,"12":12,"13":0,"14":0,"15":0,"16":0,"17":0,"18":0,"20":12,"21":12,"22":12,"23":12,"24":12,"25":12,"26":12,"28":12,"29":12,"30":12,"32":12,"33":12,"34":12,"35":12,"36":12,"37":12,"38":12,"39":12,"40":12,"41":12,"43":12,"44":12,"46":12,"47":12,"48":12,"49":12,"50":12,"51":12,"52":12,"53":12,"54":12,"55":12,"57":12,"58":1,"59":1,"60":1,"63":12,"64":12,"65":12,"66":12,"68":12,"69":12,"70":12,"72":12,"73":12,"74":12,"75":12,"77":12,"78":12,"79":12,"81":12,"82":12,"83":12,"84":12,"86":12,"87":12,"88":12,"89":12,"91":12,"93":1},"branchMap":{"0":{"type":"branch","line":6,"loc":{"start":{"line":6,"column":14},"end":{"line":92,"column":2}},"locations":[{"start":{"line":6,"column":14},"end":{"line":92,"column":2}}]},"1":{"type":"branch","line":58,"loc":{"start":{"line":58,"column":11},"end":{"line":61,"column":18}},"locations":[{"start":{"line":58,"column":11},"end":{"line":61,"column":18}}]},"2":{"type":"branch","line":69,"loc":{"start":{"line":69,"column":13},"end":{"line":69,"column":41}},"locations":[{"start":{"line":69,"column":13},"end":{"line":69,"column":41}}]},"3":{"type":"branch","line":69,"loc":{"start":{"line":69,"column":23},"end":{"line":69,"column":51}},"locations":[{"start":{"line":69,"column":23},"end":{"line":69,"column":51}}]},"4":{"type":"branch","line":11,"loc":{"start":{"line":11,"column":44},"end":{"line":11,"column":65}},"locations":[{"start":{"line":11,"column":44},"end":{"line":11,"column":65}}]},"5":{"type":"branch","line":39,"loc":{"start":{"line":39,"column":24},"end":{"line":39,"column":56}},"locations":[{"start":{"line":39,"column":24},"end":{"line":39,"column":56}}]},"6":{"type":"branch","line":53,"loc":{"start":{"line":53,"column":24},"end":{"line":53,"column":59}},"locations":[{"start":{"line":53,"column":24},"end":{"line":53,"column":59}}]}},"b":{"0":[12],"1":[1],"2":[3],"3":[9],"4":[22],"5":[1],"6":[1]},"fnMap":{"0":{"name":"Login","decl":{"start":{"line":6,"column":14},"end":{"line":92,"column":2}},"loc":{"start":{"line":6,"column":14},"end":{"line":92,"column":2}},"line":6},"1":{"name":"handleSubmit","decl":{"start":{"line":13,"column":23},"end":{"line":19,"column":4}},"loc":{"start":{"line":13,"column":23},"end":{"line":19,"column":4}},"line":13},"2":{"name":"onChange","decl":{"start":{"line":39,"column":24},"end":{"line":39,"column":56}},"loc":{"start":{"line":39,"column":24},"end":{"line":39,"column":56}},"line":39},"3":{"name":"onChange","decl":{"start":{"line":53,"column":24},"end":{"line":53,"column":59}},"loc":{"start":{"line":53,"column":24},"end":{"line":53,"column":59}},"line":53}},"f":{"0":12,"1":0,"2":1,"3":1}}
,"C:\\Users\\hritik.gupta\\OneDrive - Fractal Analytics Limited\\projects\\asess React FastAPI Websocket\\frontend\\src\\pages\\Register.tsx": {"path":"C:\\Users\\hritik.gupta\\OneDrive - Fractal Analytics Limited\\projects\\asess React FastAPI Websocket\\frontend\\src\\pages\\Register.tsx","all":false,"statementMap":{"0":{"start":{"line":1,"column":0},"end":{"line":1,"column":33}},"1":{"start":{"line":2,"column":0},"end":{"line":2,"column":53}},"2":{"start":{"line":3,"column":0},"end":{"line":3,"column":64}},"3":{"start":{"line":4,"column":0},"end":{"line":4,"column":46}},"5":{"start":{"line":6,"column":0},"end":{"line":6,"column":24}},"6":{"start":{"line":7,"column":0},"end":{"line":7,"column":41}},"7":{"start":{"line":8,"column":0},"end":{"line":8,"column":47}},"8":{"start":{"line":9,"column":0},"end":{"line":9,"column":47}},"9":{"start":{"line":10,"column":0},"end":{"line":10,"column":65}},"10":{"start":{"line":11,"column":0},"end":{"line":11,"column":36}},"11":{"start":{"line":12,"column":0},"end":{"line":12,"column":33}},"12":{"start":{"line":13,"column":0},"end":{"line":13,"column":67}},"13":{"start":{"line":14,"column":0},"end":{"line":14,"column":48}},"15":{"start":{"line":16,"column":0},"end":{"line":16,"column":54}},"16":{"start":{"line":17,"column":0},"end":{"line":17,"column":23}},"17":{"start":{"line":18,"column":0},"end":{"line":18,"column":92}},"18":{"start":{"line":19,"column":0},"end":{"line":19,"column":43}},"19":{"start":{"line":20,"column":0},"end":{"line":20,"column":23}},"20":{"start":{"line":21,"column":0},"end":{"line":21,"column":49}},"21":{"start":{"line":22,"column":0},"end":{"line":22,"column":5}},"22":{"start":{"line":23,"column":0},"end":{"line":23,"column":4}},"24":{"start":{"line":25,"column":0},"end":{"line":25,"column":10}},"25":{"start":{"line":26,"column":0},"end":{"line":26,"column":112}},"26":{"start":{"line":27,"column":0},"end":{"line":27,"column":73}},"27":{"start":{"line":28,"column":0},"end":{"line":28,"column":42}},"28":{"start":{"line":29,"column":0},"end":{"line":29,"column":78}},"29":{"start":{"line":30,"column":0},"end":{"line":30,"column":78}},"30":{"start":{"line":31,"column":0},"end":{"line":31,"column":14}},"32":{"start":{"line":33,"column":0},"end":{"line":33,"column":60}},"33":{"start":{"line":34,"column":0},"end":{"line":34,"column":15}},"34":{"start":{"line":35,"column":0},"end":{"line":35,"column":90}},"36":{"start":{"line":37,"column":0},"end":{"line":37,"column":20}},"37":{"start":{"line":38,"column":0},"end":{"line":38,"column":18}},"38":{"start":{"line":39,"column":0},"end":{"line":39,"column":27}},"39":{"start":{"line":40,"column":0},"end":{"line":40,"column":25}},"40":{"start":{"line":41,"column":0},"end":{"line":41,"column":22}},"41":{"start":{"line":42,"column":0},"end":{"line":42,"column":30}},"42":{"start":{"line":43,"column":0},"end":{"line":43,"column":59}},"43":{"start":{"line":44,"column":0},"end":{"line":44,"column":162}},"44":{"start":{"line":45,"column":0},"end":{"line":45,"column":14}},"45":{"start":{"line":46,"column":0},"end":{"line":46,"column":16}},"47":{"start":{"line":48,"column":0},"end":{"line":48,"column":15}},"48":{"start":{"line":49,"column":0},"end":{"line":49,"column":87}},"50":{"start":{"line":51,"column":0},"end":{"line":51,"column":20}},"51":{"start":{"line":52,"column":0},"end":{"line":52,"column":18}},"52":{"start":{"line":53,"column":0},"end":{"line":53,"column":24}},"53":{"start":{"line":54,"column":0},"end":{"line":54,"column":26}},"54":{"start":{"line":55,"column":0},"end":{"line":55,"column":22}},"55":{"start":{"line":56,"column":0},"end":{"line":56,"column":27}},"56":{"start":{"line":57,"column":0},"end":{"line":57,"column":56}},"57":{"start":{"line":58,"column":0},"end":{"line":58,"column":162}},"58":{"start":{"line":59,"column":0},"end":{"line":59,"column":14}},"59":{"start":{"line":60,"column":0},"end":{"line":60,"column":16}},"61":{"start":{"line":62,"column":0},"end":{"line":62,"column":15}},"62":{"start":{"line":63,"column":0},"end":{"line":63,"column":90}},"64":{"start":{"line":65,"column":0},"end":{"line":65,"column":20}},"65":{"start":{"line":66,"column":0},"end":{"line":66,"column":18}},"66":{"start":{"line":67,"column":0},"end":{"line":67,"column":27}},"67":{"start":{"line":68,"column":0},"end":{"line":68,"column":29}},"68":{"start":{"line":69,"column":0},"end":{"line":69,"column":22}},"69":{"start":{"line":70,"column":0},"end":{"line":70,"column":30}},"70":{"start":{"line":71,"column":0},"end":{"line":71,"column":59}},"71":{"start":{"line":72,"column":0},"end":{"line":72,"column":162}},"72":{"start":{"line":73,"column":0},"end":{"line":73,"column":14}},"73":{"start":{"line":74,"column":0},"end":{"line":74,"column":16}},"75":{"start":{"line":76,"column":0},"end":{"line":76,"column":15}},"76":{"start":{"line":77,"column":0},"end":{"line":77,"column":86}},"78":{"start":{"line":79,"column":0},"end":{"line":79,"column":20}},"79":{"start":{"line":80,"column":0},"end":{"line":80,"column":19}},"80":{"start":{"line":81,"column":0},"end":{"line":81,"column":23}},"81":{"start":{"line":82,"column":0},"end":{"line":82,"column":26}},"82":{"start":{"line":83,"column":0},"end":{"line":83,"column":78}},"83":{"start":{"line":84,"column":0},"end":{"line":84,"column":162}},"85":{"start":{"line":86,"column":0},"end":{"line":86,"column":50}},"86":{"start":{"line":87,"column":0},"end":{"line":87,"column":54}},"87":{"start":{"line":88,"column":0},"end":{"line":88,"column":21}},"88":{"start":{"line":89,"column":0},"end":{"line":89,"column":16}},"90":{"start":{"line":91,"column":0},"end":{"line":91,"column":21}},"91":{"start":{"line":92,"column":0},"end":{"line":92,"column":92}},"92":{"start":{"line":93,"column":0},"end":{"line":93,"column":21}},"93":{"start":{"line":94,"column":0},"end":{"line":94,"column":18}},"96":{"start":{"line":97,"column":0},"end":{"line":97,"column":23}},"97":{"start":{"line":98,"column":0},"end":{"line":98,"column":98}},"99":{"start":{"line":100,"column":0},"end":{"line":100,"column":18}},"102":{"start":{"line":103,"column":0},"end":{"line":103,"column":17}},"103":{"start":{"line":104,"column":0},"end":{"line":104,"column":25}},"104":{"start":{"line":105,"column":0},"end":{"line":105,"column":30}},"105":{"start":{"line":106,"column":0},"end":{"line":106,"column":294}},"107":{"start":{"line":108,"column":0},"end":{"line":108,"column":57}},"108":{"start":{"line":109,"column":0},"end":{"line":109,"column":19}},"109":{"start":{"line":110,"column":0},"end":{"line":110,"column":15}},"111":{"start":{"line":112,"column":0},"end":{"line":112,"column":42}},"112":{"start":{"line":113,"column":0},"end":{"line":113,"column":47}},"113":{"start":{"line":114,"column":0},"end":{"line":114,"column":41}},"114":{"start":{"line":115,"column":0},"end":{"line":115,"column":92}},"116":{"start":{"line":117,"column":0},"end":{"line":117,"column":19}},"117":{"start":{"line":118,"column":0},"end":{"line":118,"column":14}},"118":{"start":{"line":119,"column":0},"end":{"line":119,"column":14}},"119":{"start":{"line":120,"column":0},"end":{"line":120,"column":12}},"120":{"start":{"line":121,"column":0},"end":{"line":121,"column":10}},"122":{"start":{"line":123,"column":0},"end":{"line":123,"column":2}},"124":{"start":{"line":125,"column":0},"end":{"line":125,"column":24}}},"s":{"0":1,"1":1,"2":1,"3":1,"5":1,"6":11,"7":11,"8":11,"9":11,"10":11,"11":11,"12":11,"13":11,"15":11,"16":0,"17":0,"18":0,"19":0,"20":0,"21":0,"22":0,"24":11,"25":11,"26":11,"27":11,"28":11,"29":11,"30":11,"32":11,"33":11,"34":11,"36":11,"37":11,"38":11,"39":11,"40":11,"41":11,"42":11,"43":11,"44":11,"45":11,"47":11,"48":11,"50":11,"51":11,"52":11,"53":11,"54":11,"55":11,"56":11,"57":11,"58":11,"59":11,"61":11,"62":11,"64":11,"65":11,"66":11,"67":11,"68":11,"69":11,"70":11,"71":11,"72":11,"73":11,"75":11,"76":11,"78":11,"79":11,"80":11,"81":11,"82":11,"83":11,"85":11,"86":11,"87":11,"88":11,"90":11,"91":1,"92":1,"93":1,"96":11,"97":0,"99":0,"102":11,"103":11,"104":11,"105":11,"107":11,"108":11,"109":11,"111":11,"112":11,"113":11,"114":11,"116":11,"117":11,"118":11,"119":11,"120":11,"122":11,"124":1},"branchMap":{"0":{"type":"branch","line":6,"loc":{"start":{"line":6,"column":17},"end":{"line":123,"column":2}},"locations":[{"start":{"line":6,"column":17},"end":{"line":123,"column":2}}]},"1":{"type":"branch","line":91,"loc":{"start":{"line":91,"column":11},"end":{"line":94,"column":18}},"locations":[{"start":{"line":91,"column":11},"end":{"line":94,"column":18}}]},"2":{"type":"branch","line":97,"loc":{"start":{"line":97,"column":11},"end":{"line":100,"column":18}},"locations":[{"start":{"line":97,"column":11},"end":{"line":100,"column":18}}]},"3":{"type":"branch","line":108,"loc":{"start":{"line":108,"column":13},"end":{"line":108,"column":47}},"locations":[{"start":{"line":108,"column":13},"end":{"line":108,"column":47}}]},"4":{"type":"branch","line":108,"loc":{"start":{"line":108,"column":23},"end":{"line":108,"column":57}},"locations":[{"start":{"line":108,"column":23},"end":{"line":108,"column":57}}]},"5":{"type":"branch","line":13,"loc":{"start":{"line":13,"column":44},"end":{"line":13,"column":65}},"locations":[{"start":{"line":13,"column":44},"end":{"line":13,"column":65}}]},"6":{"type":"branch","line":43,"loc":{"start":{"line":43,"column":24},"end":{"line":43,"column":59}},"locations":[{"start":{"line":43,"column":24},"end":{"line":43,"column":59}}]},"7":{"type":"branch","line":57,"loc":{"start":{"line":57,"column":24},"end":{"line":57,"column":56}},"locations":[{"start":{"line":57,"column":24},"end":{"line":57,"column":56}}]},"8":{"type":"branch","line":71,"loc":{"start":{"line":71,"column":24},"end":{"line":71,"column":59}},"locations":[{"start":{"line":71,"column":24},"end":{"line":71,"column":59}}]},"9":{"type":"branch","line":83,"loc":{"start":{"line":83,"column":24},"end":{"line":83,"column":78}},"locations":[{"start":{"line":83,"column":24},"end":{"line":83,"column":78}}]}},"b":{"0":[11],"1":[1],"2":[0],"3":[1],"4":[10],"5":[18],"6":[1],"7":[1],"8":[1],"9":[1]},"fnMap":{"0":{"name":"Register","decl":{"start":{"line":6,"column":17},"end":{"line":123,"column":2}},"loc":{"start":{"line":6,"column":17},"end":{"line":123,"column":2}},"line":6},"1":{"name":"handleSubmit","decl":{"start":{"line":16,"column":23},"end":{"line":23,"column":4}},"loc":{"start":{"line":16,"column":23},"end":{"line":23,"column":4}},"line":16},"2":{"name":"onChange","decl":{"start":{"line":43,"column":24},"end":{"line":43,"column":59}},"loc":{"start":{"line":43,"column":24},"end":{"line":43,"column":59}},"line":43},"3":{"name":"onChange","decl":{"start":{"line":57,"column":24},"end":{"line":57,"column":56}},"loc":{"start":{"line":57,"column":24},"end":{"line":57,"column":56}},"line":57},"4":{"name":"onChange","decl":{"start":{"line":71,"column":24},"end":{"line":71,"column":59}},"loc":{"start":{"line":71,"column":24},"end":{"line":71,"column":59}},"line":71},"5":{"name":"onChange","decl":{"start":{"line":83,"column":24},"end":{"line":83,"column":78}},"loc":{"start":{"line":83,"column":24},"end":{"line":83,"column":78}},"line":83}},"f":{"0":11,"1":0,"2":1,"3":1,"4":1,"5":1}}
,"C:\\Users\\hritik.gupta\\OneDrive - Fractal Analytics Limited\\projects\\asess React FastAPI Websocket\\frontend\\src\\services\\api.ts": {"path":"C:\\Users\\hritik.gupta\\OneDrive - Fractal Analytics Limited\\projects\\asess React FastAPI Websocket\\frontend\\src\\services\\api.ts","all":false,"statementMap":{"0":{"start":{"line":1,"column":0},"end":{"line":1,"column":26}},"2":{"start":{"line":3,"column":0},"end":{"line":3,"column":72}},"4":{"start":{"line":5,"column":0},"end":{"line":5,"column":26}},"5":{"start":{"line":6,"column":0},"end":{"line":6,"column":19}},"6":{"start":{"line":7,"column":0},"end":{"line":7,"column":12}},"7":{"start":{"line":8,"column":0},"end":{"line":8,"column":39}},"8":{"start":{"line":9,"column":0},"end":{"line":9,"column":4}},"9":{"start":{"line":10,"column":0},"end":{"line":10,"column":3}},"11":{"start":{"line":12,"column":0},"end":{"line":12,"column":42}},"12":{"start":{"line":13,"column":0},"end":{"line":13,"column":46}},"13":{"start":{"line":14,"column":0},"end":{"line":14,"column":14}},"14":{"start":{"line":15,"column":0},"end":{"line":15,"column":53}},"15":{"start":{"line":16,"column":0},"end":{"line":16,"column":3}},"16":{"start":{"line":17,"column":0},"end":{"line":17,"column":16}},"17":{"start":{"line":18,"column":0},"end":{"line":18,"column":3}},"19":{"start":{"line":20,"column":0},"end":{"line":20,"column":19}}},"s":{"0":1,"2":1,"4":1,"5":1,"6":1,"7":1,"8":1,"9":1,"11":1,"12":0,"13":0,"14":0,"15":0,"16":0,"17":0,"19":1},"branchMap":{"0":{"type":"branch","line":3,"loc":{"start":{"line":3,"column":32},"end":{"line":3,"column":72}},"locations":[{"start":{"line":3,"column":32},"end":{"line":3,"column":72}}]}},"b":{"0":[0]},"fnMap":{},"f":{}}
,"C:\\Users\\hritik.gupta\\OneDrive - Fractal Analytics Limited\\projects\\asess React FastAPI Websocket\\frontend\\src\\store\\authSlice.ts": {"path":"C:\\Users\\hritik.gupta\\OneDrive - Fractal Analytics Limited\\projects\\asess React FastAPI Websocket\\frontend\\src\\store\\authSlice.ts","all":false,"statementMap":{"0":{"start":{"line":1,"column":0},"end":{"line":1,"column":65}},"2":{"start":{"line":3,"column":0},"end":{"line":3,"column":34}},"13":{"start":{"line":14,"column":0},"end":{"line":14,"column":33}},"14":{"start":{"line":15,"column":0},"end":{"line":15,"column":13}},"15":{"start":{"line":16,"column":0},"end":{"line":16,"column":39}},"16":{"start":{"line":17,"column":0},"end":{"line":17,"column":25}},"17":{"start":{"line":18,"column":0},"end":{"line":18,"column":17}},"18":{"start":{"line":19,"column":0},"end":{"line":19,"column":14}},"19":{"start":{"line":20,"column":0},"end":{"line":20,"column":2}},"21":{"start":{"line":22,"column":0},"end":{"line":22,"column":38}},"22":{"start":{"line":23,"column":0},"end":{"line":23,"column":15}},"23":{"start":{"line":24,"column":0},"end":{"line":24,"column":65}},"24":{"start":{"line":25,"column":0},"end":{"line":25,"column":9}},"25":{"start":{"line":26,"column":0},"end":{"line":26,"column":84}},"26":{"start":{"line":27,"column":0},"end":{"line":27,"column":45}},"27":{"start":{"line":28,"column":0},"end":{"line":28,"column":50}},"29":{"start":{"line":30,"column":0},"end":{"line":30,"column":64}},"30":{"start":{"line":31,"column":0},"end":{"line":31,"column":60}},"31":{"start":{"line":32,"column":0},"end":{"line":32,"column":9}},"33":{"start":{"line":34,"column":0},"end":{"line":34,"column":62}},"34":{"start":{"line":35,"column":0},"end":{"line":35,"column":26}},"35":{"start":{"line":36,"column":0},"end":{"line":36,"column":77}},"36":{"start":{"line":37,"column":0},"end":{"line":37,"column":5}},"37":{"start":{"line":38,"column":0},"end":{"line":38,"column":3}},"38":{"start":{"line":39,"column":0},"end":{"line":39,"column":2}},"40":{"start":{"line":41,"column":0},"end":{"line":41,"column":41}},"41":{"start":{"line":42,"column":0},"end":{"line":42,"column":18}},"42":{"start":{"line":43,"column":0},"end":{"line":43,"column":54}},"43":{"start":{"line":44,"column":0},"end":{"line":44,"column":9}},"44":{"start":{"line":45,"column":0},"end":{"line":45,"column":72}},"45":{"start":{"line":46,"column":0},"end":{"line":46,"column":27}},"46":{"start":{"line":47,"column":0},"end":{"line":47,"column":26}},"47":{"start":{"line":48,"column":0},"end":{"line":48,"column":84}},"48":{"start":{"line":49,"column":0},"end":{"line":49,"column":5}},"49":{"start":{"line":50,"column":0},"end":{"line":50,"column":3}},"50":{"start":{"line":51,"column":0},"end":{"line":51,"column":2}},"52":{"start":{"line":53,"column":0},"end":{"line":53,"column":42}},"53":{"start":{"line":54,"column":0},"end":{"line":54,"column":19}},"54":{"start":{"line":55,"column":0},"end":{"line":55,"column":37}},"55":{"start":{"line":56,"column":0},"end":{"line":56,"column":9}},"56":{"start":{"line":57,"column":0},"end":{"line":57,"column":50}},"57":{"start":{"line":58,"column":0},"end":{"line":58,"column":19}},"58":{"start":{"line":59,"column":0},"end":{"line":59,"column":49}},"59":{"start":{"line":60,"column":0},"end":{"line":60,"column":7}},"61":{"start":{"line":62,"column":0},"end":{"line":62,"column":63}},"62":{"start":{"line":63,"column":0},"end":{"line":63,"column":48}},"63":{"start":{"line":64,"column":0},"end":{"line":64,"column":26}},"64":{"start":{"line":65,"column":0},"end":{"line":65,"column":39}},"65":{"start":{"line":66,"column":0},"end":{"line":66,"column":86}},"66":{"start":{"line":67,"column":0},"end":{"line":67,"column":5}},"67":{"start":{"line":68,"column":0},"end":{"line":68,"column":3}},"68":{"start":{"line":69,"column":0},"end":{"line":69,"column":2}},"70":{"start":{"line":71,"column":0},"end":{"line":71,"column":31}},"71":{"start":{"line":72,"column":0},"end":{"line":72,"column":15}},"72":{"start":{"line":73,"column":0},"end":{"line":73,"column":15}},"73":{"start":{"line":74,"column":0},"end":{"line":74,"column":13}},"74":{"start":{"line":75,"column":0},"end":{"line":75,"column":24}},"75":{"start":{"line":76,"column":0},"end":{"line":76,"column":24}},"76":{"start":{"line":77,"column":0},"end":{"line":77,"column":25}},"77":{"start":{"line":78,"column":0},"end":{"line":78,"column":36}},"78":{"start":{"line":79,"column":0},"end":{"line":79,"column":39}},"79":{"start":{"line":80,"column":0},"end":{"line":80,"column":6}},"80":{"start":{"line":81,"column":0},"end":{"line":81,"column":54}},"81":{"start":{"line":82,"column":0},"end":{"line":82,"column":34}},"82":{"start":{"line":83,"column":0},"end":{"line":83,"column":35}},"83":{"start":{"line":84,"column":0},"end":{"line":84,"column":6}},"84":{"start":{"line":85,"column":0},"end":{"line":85,"column":4}},"85":{"start":{"line":86,"column":0},"end":{"line":86,"column":31}},"86":{"start":{"line":87,"column":0},"end":{"line":87,"column":11}},"87":{"start":{"line":88,"column":0},"end":{"line":88,"column":42}},"88":{"start":{"line":89,"column":0},"end":{"line":89,"column":29}},"89":{"start":{"line":90,"column":0},"end":{"line":90,"column":27}},"90":{"start":{"line":91,"column":0},"end":{"line":91,"column":8}},"91":{"start":{"line":92,"column":0},"end":{"line":92,"column":52}},"92":{"start":{"line":93,"column":0},"end":{"line":93,"column":30}},"93":{"start":{"line":94,"column":0},"end":{"line":94,"column":37}},"94":{"start":{"line":95,"column":0},"end":{"line":95,"column":43}},"95":{"start":{"line":96,"column":0},"end":{"line":96,"column":41}},"96":{"start":{"line":97,"column":0},"end":{"line":97,"column":8}},"97":{"start":{"line":98,"column":0},"end":{"line":98,"column":51}},"98":{"start":{"line":99,"column":0},"end":{"line":99,"column":30}},"99":{"start":{"line":100,"column":0},"end":{"line":100,"column":47}},"100":{"start":{"line":101,"column":0},"end":{"line":101,"column":8}},"101":{"start":{"line":102,"column":0},"end":{"line":102,"column":45}},"102":{"start":{"line":103,"column":0},"end":{"line":103,"column":29}},"103":{"start":{"line":104,"column":0},"end":{"line":104,"column":27}},"104":{"start":{"line":105,"column":0},"end":{"line":105,"column":8}},"105":{"start":{"line":106,"column":0},"end":{"line":106,"column":47}},"106":{"start":{"line":107,"column":0},"end":{"line":107,"column":30}},"107":{"start":{"line":108,"column":0},"end":{"line":108,"column":8}},"108":{"start":{"line":109,"column":0},"end":{"line":109,"column":54}},"109":{"start":{"line":110,"column":0},"end":{"line":110,"column":30}},"110":{"start":{"line":111,"column":0},"end":{"line":111,"column":47}},"111":{"start":{"line":112,"column":0},"end":{"line":112,"column":8}},"112":{"start":{"line":113,"column":0},"end":{"line":113,"column":46}},"113":{"start":{"line":114,"column":0},"end":{"line":114,"column":29}},"114":{"start":{"line":115,"column":0},"end":{"line":115,"column":8}},"115":{"start":{"line":116,"column":0},"end":{"line":116,"column":56}},"116":{"start":{"line":117,"column":0},"end":{"line":117,"column":30}},"117":{"start":{"line":118,"column":0},"end":{"line":118,"column":37}},"118":{"start":{"line":119,"column":0},"end":{"line":119,"column":43}},"119":{"start":{"line":120,"column":0},"end":{"line":120,"column":41}},"120":{"start":{"line":121,"column":0},"end":{"line":121,"column":8}},"121":{"start":{"line":122,"column":0},"end":{"line":122,"column":47}},"122":{"start":{"line":123,"column":0},"end":{"line":123,"column":30}},"123":{"start":{"line":124,"column":0},"end":{"line":124,"column":38}},"124":{"start":{"line":125,"column":0},"end":{"line":125,"column":27}},"125":{"start":{"line":126,"column":0},"end":{"line":126,"column":26}},"126":{"start":{"line":127,"column":0},"end":{"line":127,"column":9}},"127":{"start":{"line":128,"column":0},"end":{"line":128,"column":4}},"128":{"start":{"line":129,"column":0},"en
[...]
,"line":92,"loc":{"start":{"line":92,"column":32},"end":{"line":97,"column":7}},"locations":[{"start":{"line":92,"column":32},"end":{"line":97,"column":7}}]},"15":{"type":"branch","line":98,"loc":{"start":{"line":98,"column":31},"end":{"line":101,"column":7}},"locations":[{"start":{"line":98,"column":31},"end":{"line":101,"column":7}}]},"16":{"type":"branch","line":102,"loc":{"start":{"line":102,"column":33},"end":{"line":105,"column":7}},"locations":[{"start":{"line":102,"column":33},"end":{"line":105,"column":7}}]},"17":{"type":"branch","line":106,"loc":{"start":{"line":106,"column":35},"end":{"line":108,"column":7}},"locations":[{"start":{"line":106,"column":35},"end":{"line":108,"column":7}}]},"18":{"type":"branch","line":109,"loc":{"start":{"line":109,"column":34},"end":{"line":112,"column":7}},"locations":[{"start":{"line":109,"column":34},"end":{"line":112,"column":7}}]},"19":{"type":"branch","line":113,"loc":{"start":{"line":113,"column":34},"end":{"line":115,"column":7}},"locations":[{"start":{"line":113,"column":34},"end":{"line":115,"column":7}}]},"20":{"type":"branch","line":116,"loc":{"start":{"line":116,"column":36},"end":{"line":121,"column":7}},"locations":[{"start":{"line":116,"column":36},"end":{"line":121,"column":7}}]},"21":{"type":"branch","line":122,"loc":{"start":{"line":122,"column":35},"end":{"line":127,"column":7}},"locations":[{"start":{"line":122,"column":35},"end":{"line":127,"column":7}}]}},"b":{"0":[2],"1":[1],"2":[0],"3":[2],"4":[1],"5":[0],"6":[5],"7":[3],"8":[2],"9":[1],"10":[0],"11":[1],"12":[8],"13":[2],"14":[1],"15":[1],"16":[2],"17":[1],"18":[1],"19":[5],"20":[1],"21":[4]},"fnMap":{"0":{"name":"logout","decl":{"start":{"line":75,"column":12},"end":{"line":80,"column":6}},"loc":{"start":{"line":75,"column":12},"end":{"line":80,"column":6}},"line":75},"1":{"name":"setUser","decl":{"start":{"line":81,"column":13},"end":{"line":84,"column":6}},"loc":{"start":{"line":81,"column":13},"end":{"line":84,"column":6}},"line":81},"2":{"name":"extraReducers","decl":{"start":{"line":86,"column":17},"end":{"line":128,"column":4}},"loc":{"start":{"line":86,"column":17},"end":{"line":128,"column":4}},"line":86}},"f":{"0":1,"1":0,"2":8}}
,"C:\\Users\\hritik.gupta\\OneDrive - Fractal Analytics Limited\\projects\\asess React FastAPI Websocket\\frontend\\src\\store\\feedbackSlice.ts": {"path":"C:\\Users\\hritik.gupta\\OneDrive - Fractal Analytics Limited\\projects\\asess React FastAPI Websocket\\frontend\\src\\store\\feedbackSlice.ts","all":false,"statementMap":{"0":{"start":{"line":1,"column":0},"end":{"line":1,"column":47}},"10":{"start":{"line":11,"column":0},"end":{"line":11,"column":37}},"11":{"start":{"line":12,"column":0},"end":{"line":12,"column":12}},"12":{"start":{"line":13,"column":0},"end":{"line":13,"column":17}},"13":{"start":{"line":14,"column":0},"end":{"line":14,"column":14}},"14":{"start":{"line":15,"column":0},"end":{"line":15,"column":2}},"16":{"start":{"line":17,"column":0},"end":{"line":17,"column":35}},"17":{"start":{"line":18,"column":0},"end":{"line":18,"column":19}},"18":{"start":{"line":19,"column":0},"end":{"line":19,"column":15}},"19":{"start":{"line":20,"column":0},"end":{"line":20,"column":13}},"20":{"start":{"line":21,"column":0},"end":{"line":21,"column":64}},"21":{"start":{"line":22,"column":0},"end":{"line":22,"column":35}},"22":{"start":{"line":23,"column":0},"end":{"line":23,"column":28}},"23":{"start":{"line":24,"column":0},"end":{"line":24,"column":6}},"24":{"start":{"line":25,"column":0},"end":{"line":25,"column":62}},"25":{"start":{"line":26,"column":0},"end":{"line":26,"column":42}},"26":{"start":{"line":27,"column":0},"end":{"line":27,"column":6}},"27":{"start":{"line":28,"column":0},"end":{"line":28,"column":65}},"28":{"start":{"line":29,"column":0},"end":{"line":29,"column":75}},"29":{"start":{"line":30,"column":0},"end":{"line":30,"column":25}},"30":{"start":{"line":31,"column":0},"end":{"line":31,"column":44}},"31":{"start":{"line":32,"column":0},"end":{"line":32,"column":7}},"32":{"start":{"line":33,"column":0},"end":{"line":33,"column":6}},"33":{"start":{"line":34,"column":0},"end":{"line":34,"column":60}},"34":{"start":{"line":35,"column":0},"end":{"line":35,"column":37}},"35":{"start":{"line":36,"column":0},"end":{"line":36,"column":6}},"36":{"start":{"line":37,"column":0},"end":{"line":37,"column":64}},"37":{"start":{"line":38,"column":0},"end":{"line":38,"column":35}},"38":{"start":{"line":39,"column":0},"end":{"line":39,"column":6}},"39":{"start":{"line":40,"column":0},"end":{"line":40,"column":4}},"40":{"start":{"line":41,"column":0},"end":{"line":41,"column":3}},"42":{"start":{"line":43,"column":0},"end":{"line":43,"column":104}},"43":{"start":{"line":44,"column":0},"end":{"line":44,"column":37}}},"s":{"0":1,"10":1,"11":1,"12":1,"13":1,"14":1,"16":1,"17":1,"18":1,"19":1,"20":1,"21":10,"22":10,"23":10,"24":1,"25":1,"26":1,"27":1,"28":3,"29":3,"30":2,"31":2,"32":3,"33":1,"34":2,"35":2,"36":1,"37":3,"38":3,"39":1,"40":1,"42":1,"43":1},"branchMap":{"0":{"type":"branch","line":21,"loc":{"start":{"line":21,"column":17},"end":{"line":24,"column":6}},"locations":[{"start":{"line":21,"column":17},"end":{"line":24,"column":6}}]},"1":{"type":"branch","line":25,"loc":{"start":{"line":25,"column":17},"end":{"line":27,"column":6}},"locations":[{"start":{"line":25,"column":17},"end":{"line":27,"column":6}}]},"2":{"type":"branch","line":28,"loc":{"start":{"line":28,"column":20},"end":{"line":33,"column":6}},"locations":[{"start":{"line":28,"column":20},"end":{"line":33,"column":6}}]},"3":{"type":"branch","line":30,"loc":{"start":{"line":30,"column":24},"end":{"line":32,"column":7}},"locations":[{"start":{"line":30,"column":24},"end":{"line":32,"column":7}}]},"4":{"type":"branch","line":29,"loc":{"start":{"line":29,"column":42},"end":{"line":29,"column":73}},"locations":[{"start":{"line":29,"column":42},"end":{"line":29,"column":73}}]},"5":{"type":"branch","line":34,"loc":{"start":{"line":34,"column":16},"end":{"line":36,"column":6}},"locations":[{"start":{"line":34,"column":16},"end":{"line":36,"column":6}}]},"6":{"type":"branch","line":37,"loc":{"start":{"line":37,"column":14},"end":{"line":39,"column":6}},"locations":[{"start":{"line":37,"column":14},"end":{"line":39,"column":6}}]}},"b":{"0":[10],"1":[1],"2":[3],"3":[2],"4":[3],"5":[2],"6":[3]},"fnMap":{"0":{"name":"setFeedback","decl":{"start":{"line":21,"column":17},"end":{"line":24,"column":6}},"loc":{"start":{"line":21,"column":17},"end":{"line":24,"column":6}},"line":21},"1":{"name":"addFeedback","decl":{"start":{"line":25,"column":17},"end":{"line":27,"column":6}},"loc":{"start":{"line":25,"column":17},"end":{"line":27,"column":6}},"line":25},"2":{"name":"updateFeedback","decl":{"start":{"line":28,"column":20},"end":{"line":33,"column":6}},"loc":{"start":{"line":28,"column":20},"end":{"line":33,"column":6}},"line":28},"3":{"name":"setLoading","decl":{"start":{"line":34,"column":16},"end":{"line":36,"column":6}},"loc":{"start":{"line":34,"column":16},"end":{"line":36,"column":6}},"line":34},"4":{"name":"setError","decl":{"start":{"line":37,"column":14},"end":{"line":39,"column":6}},"loc":{"start":{"line":37,"column":14},"end":{"line":39,"column":6}},"line":37}},"f":{"0":10,"1":1,"2":3,"3":2,"4":3}}
,"C:\\Users\\hritik.gupta\\OneDrive - Fractal Analytics Limited\\projects\\asess React FastAPI Websocket\\frontend\\src\\store\\hooks.ts": {"path":"C:\\Users\\hritik.gupta\\OneDrive - Fractal Analytics Limited\\projects\\asess React FastAPI Websocket\\frontend\\src\\store\\hooks.ts","all":false,"statementMap":{"0":{"start":{"line":1,"column":0},"end":{"line":1,"column":55}},"4":{"start":{"line":5,"column":0},"end":{"line":5,"column":63}},"5":{"start":{"line":6,"column":0},"end":{"line":6,"column":75}}},"s":{"0":1,"4":1,"5":1},"branchMap":{"0":{"type":"branch","line":5,"loc":{"start":{"line":5,"column":30},"end":{"line":5,"column":63}},"locations":[{"start":{"line":5,"column":30},"end":{"line":5,"column":63}}]}},"b":{"0":[77]},"fnMap":{"0":{"name":"useAppDispatch","decl":{"start":{"line":5,"column":30},"end":{"line":5,"column":63}},"loc":{"start":{"line":5,"column":30},"end":{"line":5,"column":63}},"line":5}},"f":{"0":77}}
,"C:\\Users\\hritik.gupta\\OneDrive - Fractal Analytics Limited\\projects\\asess React FastAPI Websocket\\frontend\\src\\store\\index.ts": {"path":"C:\\Users\\hritik.gupta\\OneDrive - Fractal Analytics Limited\\projects\\asess React FastAPI Websocket\\frontend\\src\\store\\index.ts","all":false,"statementMap":{"0":{"start":{"line":1,"column":0},"end":{"line":1,"column":50}},"1":{"start":{"line":2,"column":0},"end":{"line":2,"column":38}},"2":{"start":{"line":3,"column":0},"end":{"line":3,"column":46}},"3":{"start":{"line":4,"column":0},"end":{"line":4,"column":46}},"5":{"start":{"line":6,"column":0},"end":{"line":6,"column":37}},"6":{"start":{"line":7,"column":0},"end":{"line":7,"column":12}},"7":{"start":{"line":8,"column":0},"end":{"line":8,"column":22}},"8":{"start":{"line":9,"column":0},"end":{"line":9,"column":30}},"9":{"start":{"line":10,"column":0},"end":{"line":10,"column":30}},"10":{"start":{"line":11,"column":0},"end":{"line":11,"column":4}},"11":{"start":{"line":12,"column":0},"end":{"line":12,"column":3}}},"s":{"0":1,"1":1,"2":1,"3":1,"5":1,"6":1,"7":1,"8":1,"9":1,"10":1,"11":1},"branchMap":{},"b":{},"fnMap":{},"f":{}}
,"C:\\Users\\hritik.gupta\\OneDrive - Fractal Analytics Limited\\projects\\asess React FastAPI Websocket\\frontend\\src\\store\\requestsSlice.ts": {"path":"C:\\Users\\hritik.gupta\\OneDrive - Fractal Analytics Limited\\projects\\asess React FastAPI Websocket\\frontend\\src\\store\\requestsSlice.ts","all":false,"statementMap":{"0":{"start":{"line":1,"column":0},"end":{"line":1,"column":47}},"10":{"start":{"line":11,"column":0},"end":{"line":11,"column":37}},"11":{"start":{"line":12,"column":0},"end":{"line":12,"column":12}},"12":{"start":{"line":13,"column":0},"end":{"line":13,"column":17}},"13":{"start":{"line":14,"column":0},"end":{"line":14,"column":14}},"14":{"start":{"line":15,"column":0},"end":{"line":15,"column":2}},"16":{"start":{"line":17,"column":0},"end":{"line":17,"column":35}},"17":{"start":{"line":18,"column":0},"end":{"line":18,"column":19}},"18":{"start":{"line":19,"column":0},"end":{"line":19,"column":15}},"19":{"start":{"line":20,"column":0},"end":{"line":20,"column":13}},"20":{"start":{"line":21,"column":0},"end":{"line":21,"column":63}},"21":{"start":{"line":22,"column":0},"end":{"line":22,"column":35}},"22":{"start":{"line":23,"column":0},"end":{"line":23,"column":28}},"23":{"start":{"line":24,"column":0},"end":{"line":24,"column":6}},"24":{"start":{"line":25,"column":0},"end":{"line":25,"column":60}},"25":{"start":{"line":26,"column":0},"end":{"line":26,"column":42}},"26":{"start":{"line":27,"column":0},"end":{"line":27,"column":6}},"27":{"start":{"line":28,"column":0},"end":{"line":28,"column":63}},"28":{"start":{"line":29,"column":0},"end":{"line":29,"column":75}},"29":{"start":{"line":30,"column":0},"end":{"line":30,"column":25}},"30":{"start":{"line":31,"column":0},"end":{"line":31,"column":44}},"31":{"start":{"line":32,"column":0},"end":{"line":32,"column":7}},"32":{"start":{"line":33,"column":0},"end":{"line":33,"column":6}},"33":{"start":{"line":34,"column":0},"end":{"line":34,"column":60}},"34":{"start":{"line":35,"column":0},"end":{"line":35,"column":37}},"35":{"start":{"line":36,"column":0},"end":{"line":36,"column":6}},"36":{"start":{"line":37,"column":0},"end":{"line":37,"column":64}},"37":{"start":{"line":38,"column":0},"end":{"line":38,"column":35}},"38":{"start":{"line":39,"column":0},"end":{"line":39,"column":6}},"39":{"start":{"line":40,"column":0},"end":{"line":40,"column":4}},"40":{"start":{"line":41,"column":0},"end":{"line":41,"column":3}},"42":{"start":{"line":43,"column":0},"end":{"line":43,"column":102}},"43":{"start":{"line":44,"column":0},"end":{"line":44,"column":37}}},"s":{"0":1,"10":1,"11":1,"12":1,"13":1,"14":1,"16":1,"17":1,"18":1,"19":1,"20":1,"21":10,"22":10,"23":10,"24":1,"25":1,"26":1,"27":1,"28":2,"29":2,"30":1,"31":1,"32":2,"33":1,"34":2,"35":2,"36":1,"37":3,"38":3,"39":1,"40":1,"42":1,"43":1},"branchMap":{"0":{"type":"branch","line":21,"loc":{"start":{"line":21,"column":17},"end":{"line":24,"column":6}},"locations":[{"start":{"line":21,"column":17},"end":{"line":24,"column":6}}]},"1":{"type":"branch","line":25,"loc":{"start":{"line":25,"column":16},"end":{"line":27,"column":6}},"locations":[{"start":{"line":25,"column":16},"end":{"line":27,"column":6}}]},"2":{"type":"branch","line":28,"loc":{"start":{"line":28,"column":19},"end":{"line":33,"column":6}},"locations":[{"start":{"line":28,"column":19},"end":{"line":33,"column":6}}]},"3":{"type":"branch","line":30,"loc":{"start":{"line":30,"column":24},"end":{"line":32,"column":7}},"locations":[{"start":{"line":30,"column":24},"end":{"line":32,"column":7}}]},"4":{"type":"branch","line":29,"loc":{"start":{"line":29,"column":42},"end":{"line":29,"column":73}},"locations":[{"start":{"line":29,"column":42},"end":{"line":29,"column":73}}]},"5":{"type":"branch","line":34,"loc":{"start":{"line":34,"column":16},"end":{"line":36,"column":6}},"locations":[{"start":{"line":34,"column":16},"end":{"line":36,"column":6}}]},"6":{"type":"branch","line":37,"loc":{"start":{"line":37,"column":14},"end":{"line":39,"column":6}},"locations":[{"start":{"line":37,"column":14},"end":{"line":39,"column":6}}]}},"b":{"0":[10],"1":[1],"2":[2],"3":[1],"4":[2],"5":[2],"6":[3]},"fnMap":{"0":{"name":"setRequests","decl":{"start":{"line":21,"column":17},"end":{"line":24,"column":6}},"loc":{"start":{"line":21,"column":17},"end":{"line":24,"column":6}},"line":21},"1":{"name":"addRequest","decl":{"start":{"line":25,"column":16},"end":{"line":27,"column":6}},"loc":{"start":{"line":25,"column":16},"end":{"line":27,"column":6}},"line":25},"2":{"name":"updateRequest","decl":{"start":{"line":28,"column":19},"end":{"line":33,"column":6}},"loc":{"start":{"line":28,"column":19},"end":{"line":33,"column":6}},"line":28},"3":{"name":"setLoading","decl":{"start":{"line":34,"column":16},"end":{"line":36,"column":6}},"loc":{"start":{"line":34,"column":16},"end":{"line":36,"column":6}},"line":34},"4":{"name":"setError","decl":{"start":{"line":37,"column":14},"end":{"line":39,"column":6}},"loc":{"start":{"line":37,"column":14},"end":{"line":39,"column":6}},"line":37}},"f":{"0":10,"1":1,"2":2,"3":2,"4":3}}
,"C:\\Users\\hritik.gupta\\OneDrive - Fractal Analytics Limited\\projects\\asess React FastAPI Websocket\\frontend\\src\\types\\index.ts": {"path":"C:\\Users\\hritik.gupta\\OneDrive - Fractal Analytics Limited\\projects\\asess React FastAPI Websocket\\frontend\\src\\types\\index.ts","all":true,"statementMap":{"0":{"start":{"line":1,"column":0},"end":{"line":1,"column":23}},"1":{"start":{"line":2,"column":0},"end":{"line":2,"column":13}},"2":{"start":{"line":3,"column":0},"end":{"line":3,"column":16}},"3":{"start":{"line":4,"column":0},"end":{"line":4,"column":20}},"4":{"start":{"line":5,"column":0},"end":{"line":5,"column":28}},"5":{"start":{"line":6,"column":0},"end":{"line":6,"column":21}},"6":{"start":{"line":7,"column":0},"end":{"line":7,"column":1}},"7":{"start":{"line":8,"column":0},"end":{"line":8,"column":0}},"8":{"start":{"line":9,"column":0},"end":{"line":9,"column":24}},"9":{"start":{"line":10,"column":0},"end":{"line":10,"column":13}},"10":{"start":{"line":11,"column":0},"end":{"line":11,"column":21}},"11":{"start":{"line":12,"column":0},"end":{"line":12,"column":20}},"12":{"start":{"line":13,"column":0},"end":{"line":13,"column":16}},"13":{"start":{"line":14,"column":0},"end":{"line":14,"column":17}},"14":{"start":{"line":15,"column":0},"end":{"line":15,"column":21}},"15":{"start":{"line":16,"column":0},"end":{"line":16,"column":1}},"16":{"start":{"line":17,"column":0},"end":{"line":17,"column":0}},"17":{"start":{"line":18,"column":0},"end":{"line":18,"column":23}},"18":{"start":{"line":19,"column":0},"end":{"line":19,"column":13}},"19":{"start":{"line":20,"column":0},"end":{"line":20,"column":22}},"20":{"start":{"line":21,"column":0},"end":{"line":21,"column":20}},"21":{"start":{"line":22,"column":0},"end":{"line":22,"column":16}},"22":{"start":{"line":23,"column":0},"end":{"line":23,"column":21}},"23":{"start":{"line":24,"column":0},"end":{"line":24,"column":1}},"24":{"start":{"line":25,"column":0},"end":{"line":25,"column":0}},"25":{"start":{"line":26,"column":0},"end":{"line":26,"column":26}},"26":{"start":{"line":27,"column":0},"end":{"line":27,"column":13}},"27":{"start":{"line":28,"column":0},"end":{"line":28,"column":19}},"28":{"start":{"line":29,"column":0},"end":{"line":29,"column":18}},"29":{"start":{"line":30,"column":0},"end":{"line":30,"column":19}},"30":{"start":{"line":31,"column":0},"end":{"line":31,"column":22}},"31":{"start":{"line":32,"column":0},"end":{"line":32,"column":50}},"32":{"start":{"line":33,"column":0},"end":{"line":33,"column":21}},"33":{"start":{"line":34,"column":0},"end":{"line":34,"column":21}},"34":{"start":{"line":35,"column":0},"end":{"line":35,"column":16}},"35":{"start":{"line":36,"column":0},"end":{"line":36,"column":14}},"36":{"start":{"line":37,"column":0},"end":{"line":37,"column":1}},"37":{"start":{"line":38,"column":0},"end":{"line":38,"column":0}},"38":{"start":{"line":39,"column":0},"end":{"line":39,"column":27}},"39":{"start":{"line":40,"column":0},"end":{"line":40,"column":13}},"40":{"start":{"line":41,"column":0},"end":{"line":41,"column":19}},"41":{"start":{"line":42,"column":0},"end":{"line":42,"column":18}},"42":{"start":{"line":43,"column":0},"end":{"line":43,"column":18}},"43":{"start":{"line":44,"column":0},"end":{"line":44,"column":49}},"44":{"start":{"line":45,"column":0},"end":{"line":45,"column":26}},"45":{"start":{"line":46,"column":0},"end":{"line":46,"column":21}},"46":{"start":{"line":47,"column":0},"end":{"line":47,"column":16}},"47":{"start":{"line":48,"column":0},"end":{"line":48,"column":14}},"48":{"start":{"line":49,"column":0},"end":{"line":49,"column":1}},"49":{"start":{"line":50,"column":0},"end":{"line":50,"column":0}},"50":{"start":{"line":51,"column":0},"end":{"line":51,"column":35}},"51":{"start":{"line":52,"column":0},"end":{"line":52,"column":16}},"52":{"start":{"line":53,"column":0},"end":{"line":53,"column":19}},"53":{"start":{"line":54,"column":0},"end":{"line":54,"column":1}},"54":{"start":{"line":55,"column":0},"end":{"line":55,"column":0}},"55":{"start":{"line":56,"column":0},"end":{"line":56,"column":31}},"56":{"start":{"line":57,"column":0},"end":{"line":57,"column":16}},"57":{"start":{"line":58,"column":0},"end":{"line":58,"column":20}},"58":{"start":{"line":59,"column":0},"end":{"line":59,"column":19}},"59":{"start":{"line":60,"column":0},"end":{"line":60,"column":29}},"60":{"start":{"line":61,"column":0},"end":{"line":61,"column":1}},"61":{"start":{"line":62,"column":0},"end":{"line":62,"column":0}},"62":{"start":{"line":63,"column":0},"end":{"line":63,"column":31}},"63":{"start":{"line":64,"column":0},"end":{"line":64,"column":23}},"64":{"start":{"line":65,"column":0},"end":{"line":65,"column":21}},"65":{"start":{"line":66,"column":0},"end":{"line":66,"column":1}}},"s":{"0":0,"1":0,"2":0,"3":0,"4":0,"5":0,"6":0,"7":0,"8":0,"9":0,"10":0,"11":0,"12":0,"13":0,"14":0,"15":0,"16":0,"17":0,"18":0,"19":0,"20":0,"21":0,"22":0,"23":0,"24":0,"25":0,"26":0,"27":0,"28":0,"29":0,"30":0,"31":0,"32":0,"33":0,"34":0,"35":0,"36":0,"37":0,"38":0,"39":0,"40":0,"41":0,"42":0,"43":0,"44":0,"45":0,"46":0,"47":0,"48":0,"49":0,"50":0,"51":0,"52":0,"53":0,"54":0,"55":0,"56":0,"57":0,"58":0,"59":0,"60":0,"61":0,"62":0,"63":0,"64":0,"65":0},"branchMap":{"0":{"type":"branch","line":1,"loc":{"start":{"line":1,"column":0},"end":{"line":66,"column":1}},"locations":[{"start":{"line":1,"column":0},"end":{"line":66,"column":1}}]}},"b":{"0":[0]},"fnMap":{"0":{"name":"(empty-report)","decl":{"start":{"line":1,"column":0},"end":{"line":66,"column":1}},"loc":{"start":{"line":1,"column":0},"end":{"line":66,"column":1}},"line":1}},"f":{"0":0}}
}
